<?xml version="1.0" encoding="UTF-8"?>
<coverage generated="1770764788740" clover="3.2.0">
  <project timestamp="1770764788740" name="All files">
    <metrics statements="564" coveredstatements="394" conditionals="438" coveredconditionals="250" methods="136" coveredmethods="101" elements="1138" coveredelements="745" complexity="0" loc="564" ncloc="564" packages="5" files="22" classes="22"/>
    <package name="src">
      <metrics statements="66" coveredstatements="34" conditionals="55" coveredconditionals="26" methods="17" coveredmethods="7"/>
      <file name="App.tsx" path="/Users/Stephen1/Desktop/gitprojects/old-testament-timline/src/App.tsx">
        <metrics statements="66" coveredstatements="34" conditionals="55" coveredconditionals="26" methods="17" coveredmethods="7"/>
        <line num="27" count="2" type="stmt"/>
        <line num="30" count="2" type="stmt"/>
        <line num="35" count="2" type="stmt"/>
        <line num="39" count="57" type="stmt"/>
        <line num="40" count="57" type="stmt"/>
        <line num="41" count="57" type="cond" truecount="1" falsecount="1"/>
        <line num="52" count="57" type="stmt"/>
        <line num="63" count="57" type="stmt"/>
        <line num="75" count="57" type="stmt"/>
        <line num="94" count="57" type="stmt"/>
        <line num="96" count="57" type="stmt"/>
        <line num="97" count="0" type="stmt"/>
        <line num="98" count="0" type="cond" truecount="0" falsecount="2"/>
        <line num="99" count="0" type="stmt"/>
        <line num="100" count="0" type="stmt"/>
        <line num="104" count="57" type="stmt"/>
        <line num="105" count="6" type="cond" truecount="2" falsecount="0"/>
        <line num="106" count="2" type="stmt"/>
        <line num="108" count="6" type="stmt"/>
        <line num="111" count="57" type="stmt"/>
        <line num="112" count="0" type="stmt"/>
        <line num="113" count="0" type="cond" truecount="0" falsecount="2"/>
        <line num="116" count="0" type="cond" truecount="0" falsecount="2"/>
        <line num="117" count="0" type="cond" truecount="0" falsecount="2"/>
        <line num="118" count="0" type="stmt"/>
        <line num="120" count="0" type="stmt"/>
        <line num="124" count="0" type="stmt"/>
        <line num="127" count="0" type="stmt"/>
        <line num="130" count="57" type="stmt"/>
        <line num="131" count="0" type="cond" truecount="0" falsecount="2"/>
        <line num="133" count="0" type="stmt"/>
        <line num="134" count="0" type="stmt"/>
        <line num="137" count="0" type="cond" truecount="0" falsecount="2"/>
        <line num="138" count="0" type="stmt"/>
        <line num="141" count="0" type="stmt"/>
        <line num="142" count="0" type="stmt"/>
        <line num="147" count="57" type="stmt"/>
        <line num="194" count="513" type="stmt"/>
        <line num="195" count="513" type="stmt"/>
        <line num="196" count="513" type="stmt"/>
        <line num="276" count="0" type="stmt"/>
        <line num="277" count="0" type="cond" truecount="0" falsecount="4"/>
        <line num="279" count="0" type="stmt"/>
        <line num="280" count="0" type="stmt"/>
        <line num="282" count="0" type="stmt"/>
        <line num="283" count="0" type="cond" truecount="0" falsecount="4"/>
        <line num="284" count="0" type="stmt"/>
        <line num="286" count="0" type="stmt"/>
        <line num="287" count="0" type="cond" truecount="0" falsecount="4"/>
        <line num="288" count="0" type="stmt"/>
        <line num="290" count="0" type="stmt"/>
        <line num="307" count="1311" type="stmt"/>
        <line num="308" count="1311" type="cond" truecount="2" falsecount="0"/>
        <line num="312" count="1311" type="stmt"/>
        <line num="313" count="1311" type="cond" truecount="4" falsecount="0"/>
        <line num="314" count="171" type="stmt"/>
        <line num="316" count="1311" type="cond" truecount="1" falsecount="1"/>
        <line num="317" count="0" type="stmt"/>
        <line num="318" count="1311" type="cond" truecount="1" falsecount="1"/>
        <line num="319" count="1311" type="stmt"/>
        <line num="320" count="1311" type="stmt"/>
        <line num="322" count="1311" type="stmt"/>
        <line num="335" count="6" type="stmt"/>
        <line num="336" count="4" type="stmt"/>
        <line num="373" count="0" type="stmt"/>
        <line num="381" count="14" type="stmt"/>
      </file>
    </package>
    <package name="src.components">
      <metrics statements="216" coveredstatements="142" conditionals="239" coveredconditionals="138" methods="41" coveredmethods="26"/>
      <file name="hover-tooltip.tsx" path="/Users/Stephen1/Desktop/gitprojects/old-testament-timline/src/components/hover-tooltip.tsx">
        <metrics statements="28" coveredstatements="22" conditionals="21" coveredconditionals="7" methods="10" coveredmethods="8"/>
        <line num="12" count="10" type="stmt"/>
        <line num="13" count="10" type="stmt"/>
        <line num="16" count="10" type="stmt"/>
        <line num="17" count="6" type="stmt"/>
        <line num="18" count="6" type="stmt"/>
        <line num="19" count="6" type="stmt"/>
        <line num="20" count="6" type="stmt"/>
        <line num="25" count="10" type="stmt"/>
        <line num="26" count="6" type="stmt"/>
        <line num="27" count="4" type="stmt"/>
        <line num="30" count="6" type="stmt"/>
        <line num="31" count="6" type="stmt"/>
        <line num="34" count="10" type="stmt"/>
        <line num="35" count="20" type="cond" truecount="1" falsecount="1"/>
        <line num="38" count="10" type="stmt"/>
        <line num="39" count="10" type="cond" truecount="1" falsecount="1"/>
        <line num="40" count="10" type="stmt"/>
        <line num="44" count="10" type="stmt"/>
        <line num="45" count="10" type="cond" truecount="3" falsecount="1"/>
        <line num="46" count="10" type="stmt"/>
        <line num="47" count="0" type="cond" truecount="0" falsecount="4"/>
        <line num="48" count="0" type="stmt"/>
        <line num="49" count="0" type="cond" truecount="0" falsecount="2"/>
        <line num="50" count="0" type="stmt"/>
        <line num="53" count="10" type="stmt"/>
        <line num="55" count="10" type="cond" truecount="1" falsecount="1"/>
        <line num="57" count="0" type="stmt"/>
        <line num="132" count="0" type="stmt"/>
      </file>
      <file name="minimap.tsx" path="/Users/Stephen1/Desktop/gitprojects/old-testament-timline/src/components/minimap.tsx">
        <metrics statements="36" coveredstatements="24" conditionals="20" coveredconditionals="15" methods="9" coveredmethods="5"/>
        <line num="26" count="51" type="stmt"/>
        <line num="27" count="51" type="stmt"/>
        <line num="29" count="51" type="stmt"/>
        <line num="30" count="51" type="stmt"/>
        <line num="31" count="51" type="stmt"/>
        <line num="34" count="51" type="stmt"/>
        <line num="37" count="51" type="stmt"/>
        <line num="38" count="51" type="stmt"/>
        <line num="39" count="51" type="stmt"/>
        <line num="40" count="51" type="stmt"/>
        <line num="42" count="51" type="stmt"/>
        <line num="43" count="0" type="stmt"/>
        <line num="44" count="0" type="stmt"/>
        <line num="45" count="0" type="stmt"/>
        <line num="46" count="0" type="stmt"/>
        <line num="49" count="51" type="stmt"/>
        <line num="50" count="0" type="cond" truecount="0" falsecount="2"/>
        <line num="51" count="0" type="stmt"/>
        <line num="52" count="0" type="stmt"/>
        <line num="53" count="0" type="stmt"/>
        <line num="54" count="0" type="stmt"/>
        <line num="58" count="51" type="stmt"/>
        <line num="59" count="1122" type="stmt"/>
        <line num="63" count="51" type="cond" truecount="2" falsecount="2"/>
        <line num="64" count="0" type="stmt"/>
        <line num="69" count="0" type="stmt"/>
        <line num="86" count="51" type="stmt"/>
        <line num="123" count="0" type="stmt"/>
        <line num="147" count="459" type="stmt"/>
        <line num="148" count="459" type="stmt"/>
        <line num="149" count="459" type="stmt"/>
        <line num="166" count="1173" type="stmt"/>
        <line num="167" count="663" type="stmt"/>
        <line num="168" count="663" type="cond" truecount="2" falsecount="0"/>
        <line num="171" count="663" type="cond" truecount="4" falsecount="0"/>
        <line num="173" count="663" type="stmt"/>
      </file>
      <file name="relationship-lines.tsx" path="/Users/Stephen1/Desktop/gitprojects/old-testament-timline/src/components/relationship-lines.tsx">
        <metrics statements="12" coveredstatements="0" conditionals="14" coveredconditionals="0" methods="2" coveredmethods="0"/>
        <line num="20" count="0" type="stmt"/>
        <line num="21" count="0" type="cond" truecount="0" falsecount="5"/>
        <line num="23" count="0" type="stmt"/>
        <line num="30" count="0" type="stmt"/>
        <line num="37" count="0" type="stmt"/>
        <line num="44" count="0" type="stmt"/>
        <line num="51" count="0" type="stmt"/>
        <line num="60" count="0" type="stmt"/>
        <line num="63" count="0" type="stmt"/>
        <line num="64" count="0" type="stmt"/>
        <line num="66" count="0" type="stmt"/>
        <line num="68" count="0" type="stmt"/>
      </file>
      <file name="right-rail.tsx" path="/Users/Stephen1/Desktop/gitprojects/old-testament-timline/src/components/right-rail.tsx">
        <metrics statements="12" coveredstatements="11" conditionals="41" coveredconditionals="32" methods="6" coveredmethods="5"/>
        <line num="14" count="13" type="stmt"/>
        <line num="15" count="13" type="cond" truecount="1" falsecount="1"/>
        <line num="17" count="13" type="stmt"/>
        <line num="23" count="13" type="cond" truecount="1" falsecount="1"/>
        <line num="24" count="299" type="stmt"/>
        <line num="28" count="13" type="stmt"/>
        <line num="29" count="19" type="cond" truecount="2" falsecount="0"/>
        <line num="32" count="13" type="cond" truecount="2" falsecount="0"/>
        <line num="36" count="13" type="stmt"/>
        <line num="172" count="7" type="stmt"/>
        <line num="217" count="12" type="stmt"/>
        <line num="219" count="0" type="cond" truecount="0" falsecount="2"/>
      </file>
      <file name="timeline-nodes.tsx" path="/Users/Stephen1/Desktop/gitprojects/old-testament-timline/src/components/timeline-nodes.tsx">
        <metrics statements="114" coveredstatements="76" conditionals="119" coveredconditionals="68" methods="6" coveredmethods="4"/>
        <line num="11" count="459" type="stmt"/>
        <line num="47" count="51" type="stmt"/>
        <line num="50" count="51" type="stmt"/>
        <line num="51" count="51" type="stmt"/>
        <line num="53" count="51" type="cond" truecount="1" falsecount="1"/>
        <line num="54" count="0" type="stmt"/>
        <line num="55" count="0" type="stmt"/>
        <line num="56" count="51" type="cond" truecount="1" falsecount="1"/>
        <line num="57" count="51" type="stmt"/>
        <line num="58" count="51" type="stmt"/>
        <line num="62" count="51" type="stmt"/>
        <line num="63" count="969" type="stmt"/>
        <line num="64" count="969" type="stmt"/>
        <line num="90" count="51" type="cond" truecount="1" falsecount="1"/>
        <line num="91" count="51" type="stmt"/>
        <line num="92" count="3723" type="cond" truecount="2" falsecount="0"/>
        <line num="93" count="2754" type="stmt"/>
        <line num="94" count="2754" type="stmt"/>
        <line num="110" count="51" type="stmt"/>
        <line num="120" count="0" type="cond" truecount="0" falsecount="2"/>
        <line num="121" count="0" type="stmt"/>
        <line num="123" count="0" type="stmt"/>
        <line num="151" count="0" type="stmt"/>
        <line num="152" count="0" type="cond" truecount="0" falsecount="2"/>
        <line num="156" count="0" type="stmt"/>
        <line num="208" count="1173" type="stmt"/>
        <line num="209" count="1173" type="stmt"/>
        <line num="210" count="1173" type="stmt"/>
        <line num="212" count="1173" type="cond" truecount="2" falsecount="0"/>
        <line num="213" count="816" type="cond" truecount="1" falsecount="1"/>
        <line num="214" count="0" type="stmt"/>
        <line num="215" count="0" type="stmt"/>
        <line num="216" count="0" type="stmt"/>
        <line num="217" count="816" type="cond" truecount="2" falsecount="0"/>
        <line num="218" count="800" type="stmt"/>
        <line num="219" count="800" type="stmt"/>
        <line num="220" count="800" type="stmt"/>
        <line num="221" count="16" type="cond" truecount="1" falsecount="1"/>
        <line num="222" count="16" type="stmt"/>
        <line num="223" count="16" type="stmt"/>
        <line num="224" count="16" type="stmt"/>
        <line num="225" count="0" type="cond" truecount="0" falsecount="2"/>
        <line num="226" count="0" type="stmt"/>
        <line num="227" count="0" type="stmt"/>
        <line num="229" count="0" type="stmt"/>
        <line num="230" count="0" type="stmt"/>
        <line num="232" count="357" type="cond" truecount="2" falsecount="0"/>
        <line num="233" count="204" type="cond" truecount="1" falsecount="1"/>
        <line num="234" count="0" type="stmt"/>
        <line num="235" count="0" type="stmt"/>
        <line num="236" count="0" type="stmt"/>
        <line num="237" count="204" type="cond" truecount="2" falsecount="0"/>
        <line num="238" count="200" type="stmt"/>
        <line num="239" count="200" type="stmt"/>
        <line num="240" count="200" type="stmt"/>
        <line num="241" count="4" type="cond" truecount="1" falsecount="1"/>
        <line num="242" count="4" type="stmt"/>
        <line num="243" count="4" type="stmt"/>
        <line num="244" count="4" type="stmt"/>
        <line num="245" count="0" type="cond" truecount="0" falsecount="2"/>
        <line num="246" count="0" type="stmt"/>
        <line num="247" count="0" type="stmt"/>
        <line num="249" count="0" type="stmt"/>
        <line num="250" count="0" type="stmt"/>
        <line num="252" count="153" type="cond" truecount="1" falsecount="1"/>
        <line num="253" count="153" type="cond" truecount="1" falsecount="1"/>
        <line num="254" count="0" type="stmt"/>
        <line num="255" count="0" type="stmt"/>
        <line num="256" count="0" type="stmt"/>
        <line num="257" count="153" type="cond" truecount="2" falsecount="0"/>
        <line num="258" count="150" type="stmt"/>
        <line num="259" count="150" type="stmt"/>
        <line num="260" count="150" type="stmt"/>
        <line num="261" count="3" type="cond" truecount="1" falsecount="1"/>
        <line num="262" count="3" type="stmt"/>
        <line num="263" count="3" type="stmt"/>
        <line num="264" count="3" type="stmt"/>
        <line num="265" count="0" type="cond" truecount="0" falsecount="2"/>
        <line num="266" count="0" type="stmt"/>
        <line num="267" count="0" type="stmt"/>
        <line num="269" count="0" type="stmt"/>
        <line num="270" count="0" type="stmt"/>
        <line num="275" count="1173" type="cond" truecount="2" falsecount="0"/>
        <line num="276" count="1173" type="stmt"/>
        <line num="279" count="1173" type="stmt"/>
        <line num="280" count="1173" type="cond" truecount="4" falsecount="0"/>
        <line num="281" count="816" type="stmt"/>
        <line num="282" count="357" type="cond" truecount="4" falsecount="0"/>
        <line num="283" count="204" type="stmt"/>
        <line num="284" count="153" type="cond" truecount="3" falsecount="1"/>
        <line num="285" count="153" type="stmt"/>
        <line num="289" count="1173" type="stmt"/>
        <line num="290" count="1173" type="stmt"/>
        <line num="291" count="1173" type="stmt"/>
        <line num="293" count="1173" type="cond" truecount="1" falsecount="1"/>
        <line num="294" count="0" type="stmt"/>
        <line num="297" count="1173" type="cond" truecount="2" falsecount="2"/>
        <line num="299" count="0" type="stmt"/>
        <line num="300" count="0" type="stmt"/>
        <line num="306" count="0" type="cond" truecount="0" falsecount="2"/>
        <line num="307" count="0" type="stmt"/>
        <line num="308" count="0" type="stmt"/>
        <line num="311" count="1173" type="cond" truecount="2" falsecount="0"/>
        <line num="312" count="4" type="stmt"/>
        <line num="313" count="4" type="stmt"/>
        <line num="314" count="4" type="stmt"/>
        <line num="318" count="1173" type="cond" truecount="2" falsecount="0"/>
        <line num="319" count="1173" type="cond" truecount="2" falsecount="0"/>
        <line num="322" count="1173" type="cond" truecount="2" falsecount="0"/>
        <line num="327" count="1173" type="stmt"/>
        <line num="328" count="2" type="cond" truecount="3" falsecount="1"/>
        <line num="329" count="2" type="stmt"/>
        <line num="330" count="2" type="stmt"/>
        <line num="334" count="1173" type="stmt"/>
      </file>
      <file name="timeline-toolbar.tsx" path="/Users/Stephen1/Desktop/gitprojects/old-testament-timline/src/components/timeline-toolbar.tsx">
        <metrics statements="12" coveredstatements="7" conditionals="24" coveredconditionals="16" methods="7" coveredmethods="3"/>
        <line num="22" count="2" type="stmt"/>
        <line num="24" count="2" type="stmt"/>
        <line num="48" count="51" type="stmt"/>
        <line num="49" count="0" type="cond" truecount="0" falsecount="2"/>
        <line num="50" count="0" type="stmt"/>
        <line num="54" count="51" type="stmt"/>
        <line num="78" count="0" type="stmt"/>
        <line num="150" count="459" type="stmt"/>
        <line num="152" count="0" type="stmt"/>
        <line num="187" count="204" type="stmt"/>
        <line num="188" count="204" type="stmt"/>
        <line num="191" count="0" type="stmt"/>
      </file>
      <file name="welcome-overlay.tsx" path="/Users/Stephen1/Desktop/gitprojects/old-testament-timline/src/components/welcome-overlay.tsx">
        <metrics statements="2" coveredstatements="2" conditionals="0" coveredconditionals="0" methods="1" coveredmethods="1"/>
        <line num="10" count="18" type="stmt"/>
        <line num="16" count="18" type="stmt"/>
      </file>
    </package>
    <package name="src.data">
      <metrics statements="41" coveredstatements="41" conditionals="43" coveredconditionals="28" methods="19" coveredmethods="19"/>
      <file name="timeline-data.ts" path="/Users/Stephen1/Desktop/gitprojects/old-testament-timline/src/data/timeline-data.ts">
        <metrics statements="41" coveredstatements="41" conditionals="43" coveredconditionals="28" methods="19" coveredmethods="19"/>
        <line num="92" count="5" type="stmt"/>
        <line num="100" count="5" type="stmt"/>
        <line num="112" count="5" type="stmt"/>
        <line num="125" count="5" type="stmt"/>
        <line num="138" count="80" type="cond" truecount="1" falsecount="1"/>
        <line num="139" count="80" type="stmt"/>
        <line num="148" count="80" type="cond" truecount="2" falsecount="0"/>
        <line num="152" count="15" type="cond" truecount="1" falsecount="1"/>
        <line num="153" count="15" type="stmt"/>
        <line num="161" count="15" type="cond" truecount="1" falsecount="1"/>
        <line num="165" count="5" type="stmt"/>
        <line num="166" count="5" type="stmt"/>
        <line num="167" count="325" type="stmt"/>
        <line num="168" count="325" type="cond" truecount="2" falsecount="0"/>
        <line num="169" count="210" type="stmt"/>
        <line num="171" count="115" type="stmt"/>
        <line num="177" count="80" type="stmt"/>
        <line num="195" count="20" type="stmt"/>
        <line num="212" count="15" type="stmt"/>
        <line num="230" count="45" type="stmt"/>
        <line num="241" count="5" type="stmt"/>
        <line num="242" count="115" type="stmt"/>
        <line num="243" count="115" type="stmt"/>
        <line num="244" count="115" type="stmt"/>
        <line num="247" count="5" type="stmt"/>
        <line num="248" count="235" type="stmt"/>
        <line num="249" count="15" type="stmt"/>
        <line num="251" count="15" type="stmt"/>
        <line num="252" count="115" type="cond" truecount="2" falsecount="0"/>
        <line num="253" count="210" type="stmt"/>
        <line num="255" count="115" type="cond" truecount="2" falsecount="0"/>
        <line num="256" count="40" type="stmt"/>
        <line num="257" count="40" type="stmt"/>
        <line num="259" count="75" type="stmt"/>
        <line num="262" count="115" type="stmt"/>
        <line num="266" count="5" type="stmt"/>
        <line num="270" count="5" type="stmt"/>
        <line num="271" count="5" type="stmt"/>
        <line num="272" count="5" type="stmt"/>
        <line num="275" count="5" type="stmt"/>
        <line num="282" count="5" type="stmt"/>
      </file>
    </package>
    <package name="src.data.compiled">
      <metrics statements="0" coveredstatements="0" conditionals="0" coveredconditionals="0" methods="0" coveredmethods="0"/>
      <file name="books.json" path="/Users/Stephen1/Desktop/gitprojects/old-testament-timline/src/data/compiled/books.json">
        <metrics statements="0" coveredstatements="0" conditionals="0" coveredconditionals="0" methods="0" coveredmethods="0"/>
      </file>
      <file name="events.json" path="/Users/Stephen1/Desktop/gitprojects/old-testament-timline/src/data/compiled/events.json">
        <metrics statements="0" coveredstatements="0" conditionals="0" coveredconditionals="0" methods="0" coveredmethods="0"/>
      </file>
      <file name="people.json" path="/Users/Stephen1/Desktop/gitprojects/old-testament-timline/src/data/compiled/people.json">
        <metrics statements="0" coveredstatements="0" conditionals="0" coveredconditionals="0" methods="0" coveredmethods="0"/>
      </file>
      <file name="periods.json" path="/Users/Stephen1/Desktop/gitprojects/old-testament-timline/src/data/compiled/periods.json">
        <metrics statements="0" coveredstatements="0" conditionals="0" coveredconditionals="0" methods="0" coveredmethods="0"/>
      </file>
      <file name="relationships.json" path="/Users/Stephen1/Desktop/gitprojects/old-testament-timline/src/data/compiled/relationships.json">
        <metrics statements="0" coveredstatements="0" conditionals="0" coveredconditionals="0" methods="0" coveredmethods="0"/>
      </file>
      <file name="themes.json" path="/Users/Stephen1/Desktop/gitprojects/old-testament-timline/src/data/compiled/themes.json">
        <metrics statements="0" coveredstatements="0" conditionals="0" coveredconditionals="0" methods="0" coveredmethods="0"/>
      </file>
    </package>
    <package name="src.hooks">
      <metrics statements="241" coveredstatements="177" conditionals="101" coveredconditionals="58" methods="59" coveredmethods="49"/>
      <file name="index.ts" path="/Users/Stephen1/Desktop/gitprojects/old-testament-timline/src/hooks/index.ts">
        <metrics statements="0" coveredstatements="0" conditionals="0" coveredconditionals="0" methods="0" coveredmethods="0"/>
      </file>
      <file name="useEntityFilter.ts" path="/Users/Stephen1/Desktop/gitprojects/old-testament-timline/src/hooks/useEntityFilter.ts">
        <metrics statements="18" coveredstatements="18" conditionals="14" coveredconditionals="12" methods="7" coveredmethods="6"/>
        <line num="19" count="63" type="stmt"/>
        <line num="20" count="63" type="stmt"/>
        <line num="21" count="63" type="stmt"/>
        <line num="23" count="63" type="stmt"/>
        <line num="24" count="2" type="stmt"/>
        <line num="25" count="2" type="cond" truecount="2" falsecount="0"/>
        <line num="26" count="1" type="stmt"/>
        <line num="31" count="63" type="stmt"/>
        <line num="32" count="24" type="stmt"/>
        <line num="34" count="552" type="cond" truecount="2" falsecount="0"/>
        <line num="35" count="23" type="stmt"/>
        <line num="36" count="23" type="cond" truecount="4" falsecount="0"/>
        <line num="38" count="18" type="stmt"/>
        <line num="43" count="534" type="cond" truecount="2" falsecount="0"/>
        <line num="44" count="23" type="cond" truecount="2" falsecount="2"/>
        <line num="45" count="23" type="stmt"/>
        <line num="49" count="511" type="stmt"/>
        <line num="53" count="63" type="stmt"/>
      </file>
      <file name="useEntitySelection.ts" path="/Users/Stephen1/Desktop/gitprojects/old-testament-timline/src/hooks/useEntitySelection.ts">
        <metrics statements="14" coveredstatements="14" conditionals="1" coveredconditionals="1" methods="5" coveredmethods="5"/>
        <line num="14" count="57" type="stmt"/>
        <line num="15" count="57" type="stmt"/>
        <line num="16" count="57" type="stmt"/>
        <line num="18" count="57" type="stmt"/>
        <line num="19" count="6" type="stmt"/>
        <line num="20" count="6" type="stmt"/>
        <line num="23" count="57" type="stmt"/>
        <line num="24" count="4" type="stmt"/>
        <line num="25" count="4" type="stmt"/>
        <line num="28" count="57" type="stmt"/>
        <line num="29" count="1" type="stmt"/>
        <line num="32" count="57" type="stmt"/>
        <line num="33" count="2" type="stmt"/>
        <line num="36" count="57" type="stmt"/>
      </file>
      <file name="useModalA11y.ts" path="/Users/Stephen1/Desktop/gitprojects/old-testament-timline/src/hooks/useModalA11y.ts">
        <metrics statements="50" coveredstatements="47" conditionals="35" coveredconditionals="28" methods="11" coveredmethods="11"/>
        <line num="51" count="4" type="stmt"/>
        <line num="58" count="43" type="stmt"/>
        <line num="59" count="43" type="stmt"/>
        <line num="60" count="43" type="stmt"/>
        <line num="63" count="43" type="stmt"/>
        <line num="64" count="43" type="cond" truecount="2" falsecount="0"/>
        <line num="65" count="39" type="stmt"/>
        <line num="70" count="43" type="stmt"/>
        <line num="71" count="43" type="cond" truecount="2" falsecount="0"/>
        <line num="74" count="39" type="stmt"/>
        <line num="75" count="26" type="cond" truecount="1" falsecount="1"/>
        <line num="76" count="26" type="stmt"/>
        <line num="77" count="0" type="cond" truecount="0" falsecount="2"/>
        <line num="78" count="0" type="stmt"/>
        <line num="79" count="0" type="stmt"/>
        <line num="83" count="39" type="stmt"/>
        <line num="87" count="43" type="stmt"/>
        <line num="88" count="43" type="cond" truecount="2" falsecount="0"/>
        <line num="90" count="4" type="cond" truecount="2" falsecount="0"/>
        <line num="91" count="1" type="stmt"/>
        <line num="92" count="1" type="stmt"/>
        <line num="97" count="43" type="stmt"/>
        <line num="99" count="12" type="cond" truecount="1" falsecount="1"/>
        <line num="102" count="12" type="cond" truecount="2" falsecount="0"/>
        <line num="103" count="6" type="stmt"/>
        <line num="104" count="6" type="stmt"/>
        <line num="105" count="6" type="stmt"/>
        <line num="109" count="6" type="cond" truecount="4" falsecount="0"/>
        <line num="110" count="5" type="stmt"/>
        <line num="111" count="5" type="cond" truecount="1" falsecount="1"/>
        <line num="113" count="5" type="stmt"/>
        <line num="114" count="5" type="stmt"/>
        <line num="116" count="5" type="cond" truecount="2" falsecount="0"/>
        <line num="118" count="2" type="cond" truecount="1" falsecount="1"/>
        <line num="119" count="2" type="stmt"/>
        <line num="120" count="2" type="stmt"/>
        <line num="124" count="3" type="cond" truecount="1" falsecount="1"/>
        <line num="125" count="3" type="stmt"/>
        <line num="126" count="3" type="stmt"/>
        <line num="135" count="43" type="stmt"/>
        <line num="136" count="43" type="cond" truecount="2" falsecount="0"/>
        <line num="138" count="39" type="stmt"/>
        <line num="139" count="39" type="stmt"/>
        <line num="143" count="43" type="stmt"/>
        <line num="144" count="43" type="cond" truecount="4" falsecount="0"/>
        <line num="146" count="19" type="stmt"/>
        <line num="147" count="19" type="stmt"/>
        <line num="149" count="19" type="stmt"/>
        <line num="150" count="19" type="stmt"/>
        <line num="154" count="43" type="stmt"/>
      </file>
      <file name="usePathTracing.ts" path="/Users/Stephen1/Desktop/gitprojects/old-testament-timline/src/hooks/usePathTracing.ts">
        <metrics statements="17" coveredstatements="17" conditionals="4" coveredconditionals="4" methods="10" coveredmethods="10"/>
        <line num="5" count="64" type="stmt"/>
        <line num="6" count="64" type="stmt"/>
        <line num="8" count="64" type="stmt"/>
        <line num="9" count="4" type="stmt"/>
        <line num="12" count="64" type="stmt"/>
        <line num="13" count="6" type="stmt"/>
        <line num="14" count="6" type="cond" truecount="2" falsecount="0"/>
        <line num="15" count="5" type="stmt"/>
        <line num="19" count="64" type="stmt"/>
        <line num="20" count="2" type="stmt"/>
        <line num="23" count="64" type="stmt"/>
        <line num="24" count="27" type="stmt"/>
        <line num="25" count="48" type="stmt"/>
        <line num="30" count="64" type="stmt"/>
        <line num="31" count="1311" type="stmt"/>
        <line num="32" count="1311" type="cond" truecount="2" falsecount="0"/>
        <line num="35" count="64" type="stmt"/>
      </file>
      <file name="useViewport.ts" path="/Users/Stephen1/Desktop/gitprojects/old-testament-timline/src/hooks/useViewport.ts">
        <metrics statements="131" coveredstatements="73" conditionals="41" coveredconditionals="11" methods="20" coveredmethods="13"/>
        <line num="4" count="4" type="stmt"/>
        <line num="5" count="4" type="stmt"/>
        <line num="6" count="4" type="stmt"/>
        <line num="7" count="4" type="stmt"/>
        <line num="8" count="4" type="stmt"/>
        <line num="9" count="4" type="stmt"/>
        <line num="10" count="4" type="stmt"/>
        <line num="11" count="4" type="stmt"/>
        <line num="20" count="66" type="stmt"/>
        <line num="21" count="66" type="stmt"/>
        <line num="22" count="66" type="stmt"/>
        <line num="23" count="66" type="stmt"/>
        <line num="24" count="66" type="stmt"/>
        <line num="25" count="66" type="stmt"/>
        <line num="28" count="66" type="stmt"/>
        <line num="31" count="66" type="stmt"/>
        <line num="34" count="66" type="stmt"/>
        <line num="35" count="66" type="cond" truecount="1" falsecount="1"/>
        <line num="38" count="66" type="stmt"/>
        <line num="39" count="1827" type="stmt"/>
        <line num="43" count="66" type="stmt"/>
        <line num="44" count="2" type="stmt"/>
        <line num="45" count="2" type="stmt"/>
        <line num="46" count="2" type="cond" truecount="2" falsecount="0"/>
        <line num="47" count="1" type="stmt"/>
        <line num="48" count="1" type="stmt"/>
        <line num="49" count="1" type="stmt"/>
        <line num="50" count="1" type="stmt"/>
        <line num="51" count="1" type="stmt"/>
        <line num="53" count="2" type="stmt"/>
        <line num="56" count="66" type="stmt"/>
        <line num="57" count="1" type="stmt"/>
        <line num="58" count="1" type="stmt"/>
        <line num="59" count="1" type="cond" truecount="1" falsecount="1"/>
        <line num="60" count="1" type="stmt"/>
        <line num="61" count="1" type="stmt"/>
        <line num="62" count="1" type="stmt"/>
        <line num="63" count="1" type="stmt"/>
        <line num="64" count="1" type="stmt"/>
        <line num="66" count="1" type="stmt"/>
        <line num="69" count="66" type="stmt"/>
        <line num="70" count="0" type="stmt"/>
        <line num="71" count="0" type="stmt"/>
        <line num="72" count="0" type="stmt"/>
        <line num="76" count="66" type="cond" truecount="0" falsecount="1"/>
        <line num="77" count="0" type="stmt"/>
        <line num="78" count="0" type="stmt"/>
        <line num="82" count="66" type="stmt"/>
        <line num="83" count="3" type="stmt"/>
        <line num="84" count="3" type="cond" truecount="2" falsecount="0"/>
        <line num="85" count="3" type="stmt"/>
        <line num="86" count="3" type="stmt"/>
        <line num="90" count="66" type="stmt"/>
        <line num="91" count="4" type="cond" truecount="1" falsecount="1"/>
        <line num="92" count="4" type="stmt"/>
        <line num="93" count="4" type="cond" truecount="1" falsecount="1"/>
        <line num="94" count="4" type="stmt"/>
        <line num="96" count="0" type="stmt"/>
        <line num="97" count="0" type="cond" truecount="0" falsecount="2"/>
        <line num="98" count="0" type="stmt"/>
        <line num="100" count="0" type="stmt"/>
        <line num="102" count="0" type="stmt"/>
        <line num="103" count="0" type="stmt"/>
        <line num="104" count="0" type="stmt"/>
        <line num="107" count="66" type="stmt"/>
        <line num="108" count="4" type="cond" truecount="1" falsecount="1"/>
        <line num="109" count="0" type="stmt"/>
        <line num="110" count="0" type="stmt"/>
        <line num="111" count="0" type="stmt"/>
        <line num="112" count="0" type="cond" truecount="0" falsecount="2"/>
        <line num="113" count="0" type="stmt"/>
        <line num="114" count="0" type="stmt"/>
        <line num="118" count="66" type="stmt"/>
        <line num="119" count="5" type="stmt"/>
        <line num="123" count="66" type="stmt"/>
        <line num="124" count="0" type="cond" truecount="0" falsecount="2"/>
        <line num="125" count="0" type="stmt"/>
        <line num="126" count="0" type="stmt"/>
        <line num="127" count="0" type="stmt"/>
        <line num="130" count="66" type="stmt"/>
        <line num="131" count="0" type="cond" truecount="0" falsecount="2"/>
        <line num="132" count="0" type="stmt"/>
        <line num="133" count="0" type="cond" truecount="0" falsecount="2"/>
        <line num="134" count="0" type="stmt"/>
        <line num="135" count="0" type="stmt"/>
        <line num="136" count="0" type="stmt"/>
        <line num="140" count="66" type="stmt"/>
        <line num="141" count="0" type="cond" truecount="0" falsecount="4"/>
        <line num="143" count="0" type="stmt"/>
        <line num="144" count="0" type="stmt"/>
        <line num="145" count="0" type="stmt"/>
        <line num="146" count="0" type="stmt"/>
        <line num="147" count="0" type="stmt"/>
        <line num="148" count="0" type="cond" truecount="0" falsecount="4"/>
        <line num="150" count="0" type="stmt"/>
        <line num="151" count="0" type="stmt"/>
        <line num="152" count="0" type="stmt"/>
        <line num="154" count="0" type="cond" truecount="0" falsecount="2"/>
        <line num="155" count="0" type="stmt"/>
        <line num="156" count="0" type="stmt"/>
        <line num="161" count="66" type="stmt"/>
        <line num="162" count="0" type="stmt"/>
        <line num="163" count="0" type="stmt"/>
        <line num="167" count="66" type="stmt"/>
        <line num="168" count="23" type="stmt"/>
        <line num="169" count="22" type="stmt"/>
        <line num="171" count="23" type="stmt"/>
        <line num="172" count="23" type="stmt"/>
        <line num="176" count="66" type="stmt"/>
        <line num="177" count="0" type="stmt"/>
        <line num="178" count="0" type="stmt"/>
        <line num="180" count="0" type="stmt"/>
        <line num="181" count="0" type="cond" truecount="0" falsecount="2"/>
        <line num="182" count="0" type="stmt"/>
        <line num="184" count="0" type="stmt"/>
        <line num="185" count="0" type="cond" truecount="0" falsecount="2"/>
        <line num="186" count="0" type="stmt"/>
        <line num="187" count="0" type="stmt"/>
        <line num="188" count="0" type="stmt"/>
        <line num="189" count="0" type="stmt"/>
        <line num="190" count="0" type="stmt"/>
        <line num="191" count="0" type="stmt"/>
        <line num="192" count="0" type="stmt"/>
        <line num="195" count="0" type="stmt"/>
        <line num="198" count="66" type="stmt"/>
        <line num="199" count="29" type="stmt"/>
        <line num="200" count="29" type="cond" truecount="2" falsecount="0"/>
        <line num="201" count="20" type="stmt"/>
        <line num="202" count="20" type="stmt"/>
        <line num="206" count="66" type="stmt"/>
        <line num="216" count="66" type="stmt"/>
      </file>
      <file name="useWindowSize.ts" path="/Users/Stephen1/Desktop/gitprojects/old-testament-timline/src/hooks/useWindowSize.ts">
        <metrics statements="11" coveredstatements="8" conditionals="6" coveredconditionals="2" methods="6" coveredmethods="4"/>
        <line num="4" count="114" type="stmt"/>
        <line num="9" count="114" type="stmt"/>
        <line num="10" count="42" type="stmt"/>
        <line num="11" count="0" type="stmt"/>
        <line num="13" count="42" type="stmt"/>
        <line num="14" count="42" type="stmt"/>
        <line num="17" count="114" type="stmt"/>
        <line num="21" count="114" type="stmt"/>
        <line num="22" count="114" type="stmt"/>
        <line num="26" count="0" type="stmt"/>
        <line num="27" count="0" type="cond" truecount="0" falsecount="2"/>
      </file>
    </package>
  </project>
</coverage>
