{"/Users/Stephen1/Desktop/gitprojects/old-testament-timline/src/App.tsx": {"path":"/Users/Stephen1/Desktop/gitprojects/old-testament-timline/src/App.tsx","statementMap":{"0":{"start":{"line":27,"column":23},"end":{"line":27,"column":null}},"1":{"start":{"line":30,"column":15},"end":{"line":34,"column":null}},"2":{"start":{"line":35,"column":26},"end":{"line":35,"column":null}},"3":{"start":{"line":39,"column":36},"end":{"line":39,"column":null}},"4":{"start":{"line":40,"column":8},"end":{"line":40,"column":null}},"5":{"start":{"line":41,"column":20},"end":{"line":41,"column":null}},"6":{"start":{"line":52,"column":2},"end":{"line":52,"column":null}},"7":{"start":{"line":63,"column":2},"end":{"line":63,"column":null}},"8":{"start":{"line":75,"column":2},"end":{"line":75,"column":null}},"9":{"start":{"line":94,"column":2},"end":{"line":94,"column":null}},"10":{"start":{"line":96,"column":29},"end":{"line":102,"column":null}},"11":{"start":{"line":97,"column":19},"end":{"line":97,"column":null}},"12":{"start":{"line":97,"column":37},"end":{"line":97,"column":54}},"13":{"start":{"line":98,"column":4},"end":{"line":101,"column":null}},"14":{"start":{"line":99,"column":6},"end":{"line":99,"column":null}},"15":{"start":{"line":100,"column":6},"end":{"line":100,"column":null}},"16":{"start":{"line":104,"column":28},"end":{"line":109,"column":null}},"17":{"start":{"line":105,"column":4},"end":{"line":107,"column":null}},"18":{"start":{"line":106,"column":6},"end":{"line":106,"column":null}},"19":{"start":{"line":108,"column":4},"end":{"line":108,"column":null}},"20":{"start":{"line":111,"column":33},"end":{"line":128,"column":null}},"21":{"start":{"line":112,"column":19},"end":{"line":112,"column":null}},"22":{"start":{"line":112,"column":42},"end":{"line":112,"column":59}},"23":{"start":{"line":113,"column":4},"end":{"line":113,"column":null}},"24":{"start":{"line":113,"column":17},"end":{"line":113,"column":null}},"25":{"start":{"line":116,"column":4},"end":{"line":121,"column":null}},"26":{"start":{"line":117,"column":6},"end":{"line":119,"column":null}},"27":{"start":{"line":118,"column":8},"end":{"line":118,"column":null}},"28":{"start":{"line":120,"column":6},"end":{"line":120,"column":null}},"29":{"start":{"line":124,"column":4},"end":{"line":124,"column":null}},"30":{"start":{"line":127,"column":4},"end":{"line":127,"column":null}},"31":{"start":{"line":130,"column":29},"end":{"line":145,"column":null}},"32":{"start":{"line":131,"column":4},"end":{"line":131,"column":null}},"33":{"start":{"line":131,"column":22},"end":{"line":131,"column":null}},"34":{"start":{"line":133,"column":19},"end":{"line":135,"column":null}},"35":{"start":{"line":134,"column":6},"end":{"line":134,"column":null}},"36":{"start":{"line":137,"column":4},"end":{"line":144,"column":null}},"37":{"start":{"line":138,"column":6},"end":{"line":138,"column":null}},"38":{"start":{"line":141,"column":6},"end":{"line":143,"column":null}},"39":{"start":{"line":142,"column":8},"end":{"line":142,"column":null}},"40":{"start":{"line":147,"column":2},"end":{"line":384,"column":null}},"41":{"start":{"line":194,"column":22},"end":{"line":194,"column":null}},"42":{"start":{"line":195,"column":18},"end":{"line":195,"column":null}},"43":{"start":{"line":196,"column":12},"end":{"line":202,"column":null}},"44":{"start":{"line":276,"column":35},"end":{"line":276,"column":null}},"45":{"start":{"line":277,"column":16},"end":{"line":277,"column":null}},"46":{"start":{"line":277,"column":44},"end":{"line":277,"column":null}},"47":{"start":{"line":279,"column":31},"end":{"line":279,"column":null}},"48":{"start":{"line":280,"column":29},"end":{"line":280,"column":null}},"49":{"start":{"line":282,"column":29},"end":{"line":282,"column":null}},"50":{"start":{"line":283,"column":16},"end":{"line":284,"column":null}},"51":{"start":{"line":283,"column":46},"end":{"line":283,"column":null}},"52":{"start":{"line":283,"column":71},"end":{"line":284,"column":null}},"53":{"start":{"line":284,"column":49},"end":{"line":284,"column":null}},"54":{"start":{"line":286,"column":27},"end":{"line":286,"column":null}},"55":{"start":{"line":287,"column":16},"end":{"line":288,"column":null}},"56":{"start":{"line":287,"column":50},"end":{"line":287,"column":null}},"57":{"start":{"line":287,"column":73},"end":{"line":288,"column":null}},"58":{"start":{"line":288,"column":53},"end":{"line":288,"column":null}},"59":{"start":{"line":290,"column":16},"end":{"line":299,"column":null}},"60":{"start":{"line":307,"column":22},"end":{"line":307,"column":null}},"61":{"start":{"line":308,"column":26},"end":{"line":310,"column":null}},"62":{"start":{"line":312,"column":20},"end":{"line":312,"column":null}},"63":{"start":{"line":313,"column":12},"end":{"line":314,"column":null}},"64":{"start":{"line":313,"column":42},"end":{"line":313,"column":null}},"65":{"start":{"line":313,"column":53},"end":{"line":314,"column":null}},"66":{"start":{"line":314,"column":45},"end":{"line":314,"column":null}},"67":{"start":{"line":316,"column":34},"end":{"line":317,"column":null}},"68":{"start":{"line":317,"column":39},"end":{"line":317,"column":63}},"69":{"start":{"line":318,"column":29},"end":{"line":318,"column":null}},"70":{"start":{"line":319,"column":37},"end":{"line":319,"column":null}},"71":{"start":{"line":320,"column":35},"end":{"line":320,"column":null}},"72":{"start":{"line":322,"column":12},"end":{"line":338,"column":null}},"73":{"start":{"line":335,"column":31},"end":{"line":335,"column":null}},"74":{"start":{"line":336,"column":37},"end":{"line":336,"column":null}},"75":{"start":{"line":373,"column":33},"end":{"line":373,"column":null}},"76":{"start":{"line":381,"column":41},"end":{"line":381,"column":64}}},"fnMap":{"0":{"name":"App","decl":{"start":{"line":37,"column":9},"end":{"line":37,"column":15}},"loc":{"start":{"line":37,"column":15},"end":{"line":386,"column":null}},"line":37},"1":{"name":"(anonymous_1)","decl":{"start":{"line":96,"column":29},"end":{"line":96,"column":30}},"loc":{"start":{"line":96,"column":51},"end":{"line":102,"column":null}},"line":96},"2":{"name":"(anonymous_2)","decl":{"start":{"line":97,"column":32},"end":{"line":97,"column":37}},"loc":{"start":{"line":97,"column":37},"end":{"line":97,"column":54}},"line":97},"3":{"name":"(anonymous_3)","decl":{"start":{"line":104,"column":28},"end":{"line":104,"column":29}},"loc":{"start":{"line":104,"column":56},"end":{"line":109,"column":null}},"line":104},"4":{"name":"(anonymous_4)","decl":{"start":{"line":111,"column":33},"end":{"line":111,"column":34}},"loc":{"start":{"line":111,"column":55},"end":{"line":128,"column":null}},"line":111},"5":{"name":"(anonymous_5)","decl":{"start":{"line":112,"column":37},"end":{"line":112,"column":42}},"loc":{"start":{"line":112,"column":42},"end":{"line":112,"column":59}},"line":112},"6":{"name":"(anonymous_6)","decl":{"start":{"line":130,"column":29},"end":{"line":130,"column":35}},"loc":{"start":{"line":130,"column":35},"end":{"line":145,"column":null}},"line":130},"7":{"name":"(anonymous_7)","decl":{"start":{"line":133,"column":37},"end":{"line":133,"column":null}},"loc":{"start":{"line":134,"column":6},"end":{"line":134,"column":null}},"line":134},"8":{"name":"(anonymous_8)","decl":{"start":{"line":141,"column":17},"end":{"line":141,"column":23}},"loc":{"start":{"line":141,"column":23},"end":{"line":143,"column":9}},"line":141},"9":{"name":"(anonymous_9)","decl":{"start":{"line":193,"column":23},"end":{"line":193,"column":33}},"loc":{"start":{"line":193,"column":33},"end":{"line":204,"column":11}},"line":193},"10":{"name":"(anonymous_10)","decl":{"start":{"line":275,"column":51},"end":{"line":275,"column":52}},"loc":{"start":{"line":275,"column":68},"end":{"line":301,"column":15}},"line":275},"11":{"name":"(anonymous_11)","decl":{"start":{"line":306,"column":32},"end":{"line":306,"column":42}},"loc":{"start":{"line":306,"column":42},"end":{"line":340,"column":11}},"line":306},"12":{"name":"(anonymous_12)","decl":{"start":{"line":317,"column":34},"end":{"line":317,"column":39}},"loc":{"start":{"line":317,"column":39},"end":{"line":317,"column":63}},"line":317},"13":{"name":"(anonymous_13)","decl":{"start":{"line":335,"column":25},"end":{"line":335,"column":31}},"loc":{"start":{"line":335,"column":31},"end":{"line":335,"column":null}},"line":335},"14":{"name":"(anonymous_14)","decl":{"start":{"line":336,"column":30},"end":{"line":336,"column":31}},"loc":{"start":{"line":336,"column":37},"end":{"line":336,"column":null}},"line":336},"15":{"name":"(anonymous_15)","decl":{"start":{"line":373,"column":26},"end":{"line":373,"column":27}},"loc":{"start":{"line":373,"column":33},"end":{"line":373,"column":null}},"line":373},"16":{"name":"(anonymous_16)","decl":{"start":{"line":381,"column":35},"end":{"line":381,"column":41}},"loc":{"start":{"line":381,"column":41},"end":{"line":381,"column":64}},"line":381}},"branchMap":{"0":{"loc":{"start":{"line":41,"column":20},"end":{"line":41,"column":null}},"type":"cond-expr","locations":[{"start":{"line":41,"column":31},"end":{"line":41,"column":35}},{"start":{"line":41,"column":35},"end":{"line":41,"column":null}}],"line":41},"1":{"loc":{"start":{"line":98,"column":4},"end":{"line":101,"column":null}},"type":"if","locations":[{"start":{"line":98,"column":4},"end":{"line":101,"column":null}},{"start":{},"end":{}}],"line":98},"2":{"loc":{"start":{"line":105,"column":4},"end":{"line":107,"column":null}},"type":"if","locations":[{"start":{"line":105,"column":4},"end":{"line":107,"column":null}},{"start":{},"end":{}}],"line":105},"3":{"loc":{"start":{"line":113,"column":4},"end":{"line":113,"column":null}},"type":"if","locations":[{"start":{"line":113,"column":4},"end":{"line":113,"column":null}},{"start":{},"end":{}}],"line":113},"4":{"loc":{"start":{"line":116,"column":4},"end":{"line":121,"column":null}},"type":"if","locations":[{"start":{"line":116,"column":4},"end":{"line":121,"column":null}},{"start":{},"end":{}}],"line":116},"5":{"loc":{"start":{"line":117,"column":6},"end":{"line":119,"column":null}},"type":"if","locations":[{"start":{"line":117,"column":6},"end":{"line":119,"column":null}},{"start":{},"end":{}}],"line":117},"6":{"loc":{"start":{"line":131,"column":4},"end":{"line":131,"column":null}},"type":"if","locations":[{"start":{"line":131,"column":4},"end":{"line":131,"column":null}},{"start":{},"end":{}}],"line":131},"7":{"loc":{"start":{"line":137,"column":4},"end":{"line":144,"column":null}},"type":"if","locations":[{"start":{"line":137,"column":4},"end":{"line":144,"column":null}},{"start":{},"end":{}}],"line":137},"8":{"loc":{"start":{"line":178,"column":17},"end":{"line":178,"column":null}},"type":"cond-expr","locations":[{"start":{"line":178,"column":34},"end":{"line":178,"column":53}},{"start":{"line":178,"column":53},"end":{"line":178,"column":null}}],"line":178},"9":{"loc":{"start":{"line":189,"column":24},"end":{"line":189,"column":null}},"type":"cond-expr","locations":[{"start":{"line":189,"column":37},"end":{"line":189,"column":46}},{"start":{"line":189,"column":46},"end":{"line":189,"column":null}}],"line":189},"10":{"loc":{"start":{"line":273,"column":11},"end":{"line":302,"column":null}},"type":"binary-expr","locations":[{"start":{"line":273,"column":11},"end":{"line":273,"column":null}},{"start":{"line":274,"column":12},"end":{"line":302,"column":null}}],"line":273},"11":{"loc":{"start":{"line":277,"column":16},"end":{"line":277,"column":null}},"type":"if","locations":[{"start":{"line":277,"column":16},"end":{"line":277,"column":null}},{"start":{},"end":{}}],"line":277},"12":{"loc":{"start":{"line":277,"column":20},"end":{"line":277,"column":44}},"type":"binary-expr","locations":[{"start":{"line":277,"column":20},"end":{"line":277,"column":31}},{"start":{"line":277,"column":31},"end":{"line":277,"column":44}}],"line":277},"13":{"loc":{"start":{"line":283,"column":16},"end":{"line":284,"column":null}},"type":"if","locations":[{"start":{"line":283,"column":16},"end":{"line":284,"column":null}},{"start":{"line":283,"column":71},"end":{"line":284,"column":null}}],"line":283},"14":{"loc":{"start":{"line":283,"column":71},"end":{"line":284,"column":null}},"type":"if","locations":[{"start":{"line":283,"column":71},"end":{"line":284,"column":null}},{"start":{},"end":{}}],"line":283},"15":{"loc":{"start":{"line":287,"column":16},"end":{"line":288,"column":null}},"type":"if","locations":[{"start":{"line":287,"column":16},"end":{"line":288,"column":null}},{"start":{"line":287,"column":73},"end":{"line":288,"column":null}}],"line":287},"16":{"loc":{"start":{"line":287,"column":73},"end":{"line":288,"column":null}},"type":"if","locations":[{"start":{"line":287,"column":73},"end":{"line":288,"column":null}},{"start":{},"end":{}}],"line":287},"17":{"loc":{"start":{"line":308,"column":26},"end":{"line":310,"column":null}},"type":"cond-expr","locations":[{"start":{"line":308,"column":33},"end":{"line":309,"column":null}},{"start":{"line":310,"column":16},"end":{"line":310,"column":null}}],"line":308},"18":{"loc":{"start":{"line":313,"column":12},"end":{"line":314,"column":null}},"type":"if","locations":[{"start":{"line":313,"column":12},"end":{"line":314,"column":null}},{"start":{"line":313,"column":53},"end":{"line":314,"column":null}}],"line":313},"19":{"loc":{"start":{"line":313,"column":53},"end":{"line":314,"column":null}},"type":"if","locations":[{"start":{"line":313,"column":53},"end":{"line":314,"column":null}},{"start":{},"end":{}}],"line":313},"20":{"loc":{"start":{"line":316,"column":34},"end":{"line":317,"column":null}},"type":"binary-expr","locations":[{"start":{"line":316,"column":34},"end":{"line":316,"column":null}},{"start":{"line":317,"column":14},"end":{"line":317,"column":null}}],"line":316},"21":{"loc":{"start":{"line":318,"column":29},"end":{"line":318,"column":null}},"type":"binary-expr","locations":[{"start":{"line":318,"column":29},"end":{"line":318,"column":56}},{"start":{"line":318,"column":56},"end":{"line":318,"column":null}}],"line":318},"22":{"loc":{"start":{"line":331,"column":31},"end":{"line":331,"column":null}},"type":"binary-expr","locations":[{"start":{"line":331,"column":31},"end":{"line":331,"column":48}},{"start":{"line":331,"column":48},"end":{"line":331,"column":null}}],"line":331},"23":{"loc":{"start":{"line":346,"column":9},"end":{"line":351,"column":null}},"type":"binary-expr","locations":[{"start":{"line":346,"column":9},"end":{"line":346,"column":26}},{"start":{"line":346,"column":26},"end":{"line":346,"column":null}},{"start":{"line":347,"column":10},"end":{"line":351,"column":null}}],"line":346},"24":{"loc":{"start":{"line":357,"column":9},"end":{"line":363,"column":null}},"type":"binary-expr","locations":[{"start":{"line":357,"column":9},"end":{"line":357,"column":null}},{"start":{"line":358,"column":10},"end":{"line":363,"column":null}}],"line":357},"25":{"loc":{"start":{"line":371,"column":40},"end":{"line":371,"column":null}},"type":"cond-expr","locations":[{"start":{"line":371,"column":57},"end":{"line":371,"column":69}},{"start":{"line":371,"column":69},"end":{"line":371,"column":null}}],"line":371},"26":{"loc":{"start":{"line":380,"column":9},"end":{"line":381,"column":null}},"type":"binary-expr","locations":[{"start":{"line":380,"column":9},"end":{"line":380,"column":null}},{"start":{"line":381,"column":10},"end":{"line":381,"column":null}}],"line":380}},"s":{"0":2,"1":2,"2":2,"3":57,"4":57,"5":57,"6":57,"7":57,"8":57,"9":57,"10":57,"11":0,"12":0,"13":0,"14":0,"15":0,"16":57,"17":6,"18":2,"19":6,"20":57,"21":0,"22":0,"23":0,"24":0,"25":0,"26":0,"27":0,"28":0,"29":0,"30":0,"31":57,"32":0,"33":0,"34":0,"35":0,"36":0,"37":0,"38":0,"39":0,"40":57,"41":513,"42":513,"43":513,"44":0,"45":0,"46":0,"47":0,"48":0,"49":0,"50":0,"51":0,"52":0,"53":0,"54":0,"55":0,"56":0,"57":0,"58":0,"59":0,"60":1311,"61":1311,"62":1311,"63":1311,"64":912,"65":399,"66":171,"67":1311,"68":0,"69":1311,"70":1311,"71":1311,"72":1311,"73":6,"74":4,"75":0,"76":14},"f":{"0":57,"1":0,"2":0,"3":6,"4":0,"5":0,"6":0,"7":0,"8":0,"9":513,"10":0,"11":1311,"12":0,"13":6,"14":4,"15":0,"16":14},"b":{"0":[0,57],"1":[0,0],"2":[2,4],"3":[0,0],"4":[0,0],"5":[0,0],"6":[0,0],"7":[0,0],"8":[6,51],"9":[0,57],"10":[57,0],"11":[0,0],"12":[0,0],"13":[0,0],"14":[0,0],"15":[0,0],"16":[0,0],"17":[1083,228],"18":[912,399],"19":[171,228],"20":[1311,0],"21":[1311,0],"22":[1311,1311],"23":[57,10,6],"24":[57,6],"25":[6,51],"26":[57,18]},"meta":{"lastBranch":27,"lastFunction":17,"lastStatement":77,"seen":{"s:27:23:27:Infinity":0,"s:30:15:34:Infinity":1,"s:35:26:35:Infinity":2,"f:37:9:37:15":0,"s:39:36:39:Infinity":3,"s:40:8:40:Infinity":4,"s:41:20:41:Infinity":5,"b:41:31:41:35:41:35:41:Infinity":0,"s:52:2:52:Infinity":6,"s:63:2:63:Infinity":7,"s:75:2:75:Infinity":8,"s:94:2:94:Infinity":9,"s:96:29:102:Infinity":10,"f:96:29:96:30":1,"s:97:19:97:Infinity":11,"f:97:32:97:37":2,"s:97:37:97:54":12,"b:98:4:101:Infinity:undefined:undefined:undefined:undefined":1,"s:98:4:101:Infinity":13,"s:99:6:99:Infinity":14,"s:100:6:100:Infinity":15,"s:104:28:109:Infinity":16,"f:104:28:104:29":3,"b:105:4:107:Infinity:undefined:undefined:undefined:undefined":2,"s:105:4:107:Infinity":17,"s:106:6:106:Infinity":18,"s:108:4:108:Infinity":19,"s:111:33:128:Infinity":20,"f:111:33:111:34":4,"s:112:19:112:Infinity":21,"f:112:37:112:42":5,"s:112:42:112:59":22,"b:113:4:113:Infinity:undefined:undefined:undefined:undefined":3,"s:113:4:113:Infinity":23,"s:113:17:113:Infinity":24,"b:116:4:121:Infinity:undefined:undefined:undefined:undefined":4,"s:116:4:121:Infinity":25,"b:117:6:119:Infinity:undefined:undefined:undefined:undefined":5,"s:117:6:119:Infinity":26,"s:118:8:118:Infinity":27,"s:120:6:120:Infinity":28,"s:124:4:124:Infinity":29,"s:127:4:127:Infinity":30,"s:130:29:145:Infinity":31,"f:130:29:130:35":6,"b:131:4:131:Infinity:undefined:undefined:undefined:undefined":6,"s:131:4:131:Infinity":32,"s:131:22:131:Infinity":33,"s:133:19:135:Infinity":34,"f:133:37:133:Infinity":7,"s:134:6:134:Infinity":35,"b:137:4:144:Infinity:undefined:undefined:undefined:undefined":7,"s:137:4:144:Infinity":36,"s:138:6:138:Infinity":37,"s:141:6:143:Infinity":38,"f:141:17:141:23":8,"s:142:8:142:Infinity":39,"s:147:2:384:Infinity":40,"b:178:34:178:53:178:53:178:Infinity":8,"b:189:37:189:46:189:46:189:Infinity":9,"f:193:23:193:33":9,"s:194:22:194:Infinity":41,"s:195:18:195:Infinity":42,"s:196:12:202:Infinity":43,"b:273:11:273:Infinity:274:12:302:Infinity":10,"f:275:51:275:52":10,"s:276:35:276:Infinity":44,"b:277:16:277:Infinity:undefined:undefined:undefined:undefined":11,"s:277:16:277:Infinity":45,"b:277:20:277:31:277:31:277:44":12,"s:277:44:277:Infinity":46,"s:279:31:279:Infinity":47,"s:280:29:280:Infinity":48,"s:282:29:282:Infinity":49,"b:283:16:284:Infinity:283:71:284:Infinity":13,"s:283:16:284:Infinity":50,"s:283:46:283:Infinity":51,"b:283:71:284:Infinity:undefined:undefined:undefined:undefined":14,"s:283:71:284:Infinity":52,"s:284:49:284:Infinity":53,"s:286:27:286:Infinity":54,"b:287:16:288:Infinity:287:73:288:Infinity":15,"s:287:16:288:Infinity":55,"s:287:50:287:Infinity":56,"b:287:73:288:Infinity:undefined:undefined:undefined:undefined":16,"s:287:73:288:Infinity":57,"s:288:53:288:Infinity":58,"s:290:16:299:Infinity":59,"f:306:32:306:42":11,"s:307:22:307:Infinity":60,"s:308:26:310:Infinity":61,"b:308:33:309:Infinity:310:16:310:Infinity":17,"s:312:20:312:Infinity":62,"b:313:12:314:Infinity:313:53:314:Infinity":18,"s:313:12:314:Infinity":63,"s:313:42:313:Infinity":64,"b:313:53:314:Infinity:undefined:undefined:undefined:undefined":19,"s:313:53:314:Infinity":65,"s:314:45:314:Infinity":66,"s:316:34:317:Infinity":67,"b:316:34:316:Infinity:317:14:317:Infinity":20,"f:317:34:317:39":12,"s:317:39:317:63":68,"s:318:29:318:Infinity":69,"b:318:29:318:56:318:56:318:Infinity":21,"s:319:37:319:Infinity":70,"s:320:35:320:Infinity":71,"s:322:12:338:Infinity":72,"b:331:31:331:48:331:48:331:Infinity":22,"f:335:25:335:31":13,"s:335:31:335:Infinity":73,"f:336:30:336:31":14,"s:336:37:336:Infinity":74,"b:346:9:346:26:346:26:346:Infinity:347:10:351:Infinity":23,"b:357:9:357:Infinity:358:10:363:Infinity":24,"b:371:57:371:69:371:69:371:Infinity":25,"f:373:26:373:27":15,"s:373:33:373:Infinity":75,"b:380:9:380:Infinity:381:10:381:Infinity":26,"f:381:35:381:41":16,"s:381:41:381:64":76}}}
,"/Users/Stephen1/Desktop/gitprojects/old-testament-timline/src/components/hover-tooltip.tsx": {"path":"/Users/Stephen1/Desktop/gitprojects/old-testament-timline/src/components/hover-tooltip.tsx","statementMap":{"0":{"start":{"line":12,"column":22},"end":{"line":12,"column":null}},"1":{"start":{"line":13,"column":30},"end":{"line":13,"column":null}},"2":{"start":{"line":16,"column":2},"end":{"line":22,"column":null}},"3":{"start":{"line":17,"column":18},"end":{"line":17,"column":null}},"4":{"start":{"line":17,"column":35},"end":{"line":17,"column":50}},"5":{"start":{"line":18,"column":4},"end":{"line":21,"column":null}},"6":{"start":{"line":19,"column":6},"end":{"line":19,"column":null}},"7":{"start":{"line":20,"column":6},"end":{"line":20,"column":null}},"8":{"start":{"line":25,"column":2},"end":{"line":32,"column":null}},"9":{"start":{"line":26,"column":28},"end":{"line":28,"column":null}},"10":{"start":{"line":27,"column":6},"end":{"line":27,"column":null}},"11":{"start":{"line":30,"column":4},"end":{"line":30,"column":null}},"12":{"start":{"line":31,"column":4},"end":{"line":31,"column":null}},"13":{"start":{"line":31,"column":17},"end":{"line":31,"column":null}},"14":{"start":{"line":34,"column":21},"end":{"line":36,"column":null}},"15":{"start":{"line":35,"column":4},"end":{"line":35,"column":null}},"16":{"start":{"line":38,"column":26},"end":{"line":41,"column":null}},"17":{"start":{"line":39,"column":4},"end":{"line":39,"column":null}},"18":{"start":{"line":39,"column":18},"end":{"line":39,"column":null}},"19":{"start":{"line":40,"column":4},"end":{"line":40,"column":null}},"20":{"start":{"line":44,"column":19},"end":{"line":44,"column":null}},"21":{"start":{"line":45,"column":2},"end":{"line":51,"column":null}},"22":{"start":{"line":46,"column":4},"end":{"line":46,"column":null}},"23":{"start":{"line":47,"column":2},"end":{"line":51,"column":null}},"24":{"start":{"line":48,"column":4},"end":{"line":48,"column":null}},"25":{"start":{"line":49,"column":2},"end":{"line":51,"column":null}},"26":{"start":{"line":50,"column":4},"end":{"line":50,"column":null}},"27":{"start":{"line":53,"column":18},"end":{"line":53,"column":null}},"28":{"start":{"line":55,"column":2},"end":{"line":55,"column":null}},"29":{"start":{"line":55,"column":13},"end":{"line":55,"column":null}},"30":{"start":{"line":57,"column":2},"end":{"line":150,"column":null}},"31":{"start":{"line":132,"column":14},"end":{"line":145,"column":null}}},"fnMap":{"0":{"name":"HoverTooltip","decl":{"start":{"line":11,"column":16},"end":{"line":11,"column":29}},"loc":{"start":{"line":11,"column":66},"end":{"line":152,"column":null}},"line":11},"1":{"name":"(anonymous_1)","decl":{"start":{"line":16,"column":12},"end":{"line":16,"column":18}},"loc":{"start":{"line":16,"column":18},"end":{"line":22,"column":5}},"line":16},"2":{"name":"(anonymous_2)","decl":{"start":{"line":17,"column":29},"end":{"line":17,"column":35}},"loc":{"start":{"line":17,"column":35},"end":{"line":17,"column":50}},"line":17},"3":{"name":"(anonymous_3)","decl":{"start":{"line":18,"column":11},"end":{"line":18,"column":17}},"loc":{"start":{"line":18,"column":17},"end":{"line":21,"column":null}},"line":18},"4":{"name":"(anonymous_4)","decl":{"start":{"line":25,"column":12},"end":{"line":25,"column":18}},"loc":{"start":{"line":25,"column":18},"end":{"line":32,"column":5}},"line":25},"5":{"name":"(anonymous_5)","decl":{"start":{"line":26,"column":28},"end":{"line":26,"column":29}},"loc":{"start":{"line":26,"column":47},"end":{"line":28,"column":null}},"line":26},"6":{"name":"(anonymous_6)","decl":{"start":{"line":31,"column":11},"end":{"line":31,"column":17}},"loc":{"start":{"line":31,"column":17},"end":{"line":31,"column":null}},"line":31},"7":{"name":"(anonymous_7)","decl":{"start":{"line":34,"column":21},"end":{"line":34,"column":22}},"loc":{"start":{"line":34,"column":75},"end":{"line":36,"column":null}},"line":34},"8":{"name":"(anonymous_8)","decl":{"start":{"line":38,"column":26},"end":{"line":38,"column":27}},"loc":{"start":{"line":38,"column":114},"end":{"line":41,"column":null}},"line":38},"9":{"name":"(anonymous_9)","decl":{"start":{"line":131,"column":31},"end":{"line":131,"column":32}},"loc":{"start":{"line":132,"column":14},"end":{"line":145,"column":null}},"line":132}},"branchMap":{"0":{"loc":{"start":{"line":35,"column":14},"end":{"line":35,"column":54}},"type":"cond-expr","locations":[{"start":{"line":35,"column":44},"end":{"line":35,"column":52}},{"start":{"line":35,"column":52},"end":{"line":35,"column":54}}],"line":35},"1":{"loc":{"start":{"line":39,"column":4},"end":{"line":39,"column":null}},"type":"if","locations":[{"start":{"line":39,"column":4},"end":{"line":39,"column":null}},{"start":{},"end":{}}],"line":39},"2":{"loc":{"start":{"line":45,"column":2},"end":{"line":51,"column":null}},"type":"if","locations":[{"start":{"line":45,"column":2},"end":{"line":51,"column":null}},{"start":{"line":47,"column":2},"end":{"line":51,"column":null}}],"line":45},"3":{"loc":{"start":{"line":45,"column":6},"end":{"line":45,"column":47}},"type":"binary-expr","locations":[{"start":{"line":45,"column":6},"end":{"line":45,"column":34}},{"start":{"line":45,"column":34},"end":{"line":45,"column":47}}],"line":45},"4":{"loc":{"start":{"line":47,"column":2},"end":{"line":51,"column":null}},"type":"if","locations":[{"start":{"line":47,"column":2},"end":{"line":51,"column":null}},{"start":{"line":49,"column":2},"end":{"line":51,"column":null}}],"line":47},"5":{"loc":{"start":{"line":47,"column":13},"end":{"line":47,"column":57}},"type":"binary-expr","locations":[{"start":{"line":47,"column":13},"end":{"line":47,"column":40}},{"start":{"line":47,"column":40},"end":{"line":47,"column":57}}],"line":47},"6":{"loc":{"start":{"line":49,"column":2},"end":{"line":51,"column":null}},"type":"if","locations":[{"start":{"line":49,"column":2},"end":{"line":51,"column":null}},{"start":{},"end":{}}],"line":49},"7":{"loc":{"start":{"line":55,"column":2},"end":{"line":55,"column":null}},"type":"if","locations":[{"start":{"line":55,"column":2},"end":{"line":55,"column":null}},{"start":{},"end":{}}],"line":55},"8":{"loc":{"start":{"line":89,"column":11},"end":{"line":100,"column":null}},"type":"binary-expr","locations":[{"start":{"line":89,"column":11},"end":{"line":89,"column":null}},{"start":{"line":90,"column":12},"end":{"line":100,"column":null}}],"line":89},"9":{"loc":{"start":{"line":129,"column":9},"end":{"line":147,"column":null}},"type":"binary-expr","locations":[{"start":{"line":129,"column":9},"end":{"line":129,"column":26}},{"start":{"line":129,"column":26},"end":{"line":129,"column":null}},{"start":{"line":130,"column":10},"end":{"line":147,"column":null}}],"line":129}},"s":{"0":10,"1":10,"2":10,"3":6,"4":0,"5":6,"6":6,"7":6,"8":10,"9":6,"10":4,"11":6,"12":6,"13":6,"14":10,"15":20,"16":10,"17":10,"18":0,"19":10,"20":10,"21":10,"22":10,"23":0,"24":0,"25":0,"26":0,"27":10,"28":10,"29":10,"30":0,"31":0},"f":{"0":10,"1":6,"2":0,"3":6,"4":6,"5":4,"6":6,"7":20,"8":10,"9":0},"b":{"0":[20,0],"1":[0,10],"2":[10,0],"3":[10,10],"4":[0,0],"5":[0,0],"6":[0,0],"7":[10,0],"8":[0,0],"9":[10,0,0]},"meta":{"lastBranch":10,"lastFunction":10,"lastStatement":32,"seen":{"f:11:16:11:29":0,"s:12:22:12:Infinity":0,"s:13:30:13:Infinity":1,"s:16:2:22:Infinity":2,"f:16:12:16:18":1,"s:17:18:17:Infinity":3,"f:17:29:17:35":2,"s:17:35:17:50":4,"s:18:4:21:Infinity":5,"f:18:11:18:17":3,"s:19:6:19:Infinity":6,"s:20:6:20:Infinity":7,"s:25:2:32:Infinity":8,"f:25:12:25:18":4,"s:26:28:28:Infinity":9,"f:26:28:26:29":5,"s:27:6:27:Infinity":10,"s:30:4:30:Infinity":11,"s:31:4:31:Infinity":12,"f:31:11:31:17":6,"s:31:17:31:Infinity":13,"s:34:21:36:Infinity":14,"f:34:21:34:22":7,"s:35:4:35:Infinity":15,"b:35:44:35:52:35:52:35:54":0,"s:38:26:41:Infinity":16,"f:38:26:38:27":8,"b:39:4:39:Infinity:undefined:undefined:undefined:undefined":1,"s:39:4:39:Infinity":17,"s:39:18:39:Infinity":18,"s:40:4:40:Infinity":19,"s:44:19:44:Infinity":20,"b:45:2:51:Infinity:47:2:51:Infinity":2,"s:45:2:51:Infinity":21,"b:45:6:45:34:45:34:45:47":3,"s:46:4:46:Infinity":22,"b:47:2:51:Infinity:49:2:51:Infinity":4,"s:47:2:51:Infinity":23,"b:47:13:47:40:47:40:47:57":5,"s:48:4:48:Infinity":24,"b:49:2:51:Infinity:undefined:undefined:undefined:undefined":6,"s:49:2:51:Infinity":25,"s:50:4:50:Infinity":26,"s:53:18:53:Infinity":27,"b:55:2:55:Infinity:undefined:undefined:undefined:undefined":7,"s:55:2:55:Infinity":28,"s:55:13:55:Infinity":29,"s:57:2:150:Infinity":30,"b:89:11:89:Infinity:90:12:100:Infinity":8,"b:129:9:129:26:129:26:129:Infinity:130:10:147:Infinity":9,"f:131:31:131:32":9,"s:132:14:145:Infinity":31}}}
,"/Users/Stephen1/Desktop/gitprojects/old-testament-timline/src/components/minimap.tsx": {"path":"/Users/Stephen1/Desktop/gitprojects/old-testament-timline/src/components/minimap.tsx","statementMap":{"0":{"start":{"line":26,"column":8},"end":{"line":26,"column":null}},"1":{"start":{"line":27,"column":36},"end":{"line":27,"column":null}},"2":{"start":{"line":29,"column":23},"end":{"line":29,"column":null}},"3":{"start":{"line":30,"column":24},"end":{"line":30,"column":null}},"4":{"start":{"line":31,"column":16},"end":{"line":31,"column":null}},"5":{"start":{"line":34,"column":29},"end":{"line":34,"column":null}},"6":{"start":{"line":37,"column":24},"end":{"line":37,"column":null}},"7":{"start":{"line":38,"column":22},"end":{"line":38,"column":null}},"8":{"start":{"line":39,"column":27},"end":{"line":39,"column":null}},"9":{"start":{"line":40,"column":31},"end":{"line":40,"column":null}},"10":{"start":{"line":42,"column":29},"end":{"line":47,"column":null}},"11":{"start":{"line":43,"column":17},"end":{"line":43,"column":null}},"12":{"start":{"line":44,"column":19},"end":{"line":44,"column":null}},"13":{"start":{"line":45,"column":22},"end":{"line":45,"column":null}},"14":{"start":{"line":46,"column":4},"end":{"line":46,"column":null}},"15":{"start":{"line":49,"column":29},"end":{"line":55,"column":null}},"16":{"start":{"line":50,"column":4},"end":{"line":50,"column":null}},"17":{"start":{"line":50,"column":25},"end":{"line":50,"column":null}},"18":{"start":{"line":51,"column":17},"end":{"line":51,"column":null}},"19":{"start":{"line":52,"column":19},"end":{"line":52,"column":null}},"20":{"start":{"line":53,"column":22},"end":{"line":53,"column":null}},"21":{"start":{"line":54,"column":4},"end":{"line":54,"column":null}},"22":{"start":{"line":58,"column":18},"end":{"line":60,"column":null}},"23":{"start":{"line":59,"column":4},"end":{"line":59,"column":null}},"24":{"start":{"line":63,"column":2},"end":{"line":84,"column":null}},"25":{"start":{"line":64,"column":4},"end":{"line":82,"column":null}},"26":{"start":{"line":69,"column":23},"end":{"line":69,"column":null}},"27":{"start":{"line":86,"column":2},"end":{"line":223,"column":null}},"28":{"start":{"line":123,"column":29},"end":{"line":123,"column":null}},"29":{"start":{"line":147,"column":25},"end":{"line":147,"column":null}},"30":{"start":{"line":148,"column":16},"end":{"line":148,"column":null}},"31":{"start":{"line":149,"column":10},"end":{"line":161,"column":null}},"32":{"start":{"line":166,"column":30},"end":{"line":166,"column":45}},"33":{"start":{"line":167,"column":20},"end":{"line":167,"column":null}},"34":{"start":{"line":168,"column":24},"end":{"line":170,"column":null}},"35":{"start":{"line":171,"column":20},"end":{"line":171,"column":null}},"36":{"start":{"line":173,"column":10},"end":{"line":186,"column":null}}},"fnMap":{"0":{"name":"Minimap","decl":{"start":{"line":17,"column":16},"end":{"line":17,"column":24}},"loc":{"start":{"line":25,"column":17},"end":{"line":225,"column":null}},"line":25},"1":{"name":"(anonymous_1)","decl":{"start":{"line":42,"column":29},"end":{"line":42,"column":30}},"loc":{"start":{"line":42,"column":70},"end":{"line":47,"column":null}},"line":42},"2":{"name":"(anonymous_2)","decl":{"start":{"line":49,"column":29},"end":{"line":49,"column":30}},"loc":{"start":{"line":49,"column":70},"end":{"line":55,"column":null}},"line":49},"3":{"name":"(anonymous_3)","decl":{"start":{"line":58,"column":18},"end":{"line":58,"column":19}},"loc":{"start":{"line":58,"column":36},"end":{"line":60,"column":null}},"line":58},"4":{"name":"(anonymous_4)","decl":{"start":{"line":69,"column":17},"end":{"line":69,"column":23}},"loc":{"start":{"line":69,"column":23},"end":{"line":69,"column":null}},"line":69},"5":{"name":"(anonymous_5)","decl":{"start":{"line":123,"column":23},"end":{"line":123,"column":29}},"loc":{"start":{"line":123,"column":29},"end":{"line":123,"column":null}},"line":123},"6":{"name":"(anonymous_6)","decl":{"start":{"line":146,"column":21},"end":{"line":146,"column":22}},"loc":{"start":{"line":146,"column":33},"end":{"line":163,"column":9}},"line":146},"7":{"name":"(anonymous_7)","decl":{"start":{"line":166,"column":25},"end":{"line":166,"column":30}},"loc":{"start":{"line":166,"column":30},"end":{"line":166,"column":45}},"line":166},"8":{"name":"(anonymous_8)","decl":{"start":{"line":166,"column":51},"end":{"line":166,"column":52}},"loc":{"start":{"line":166,"column":63},"end":{"line":188,"column":9}},"line":166}},"branchMap":{"0":{"loc":{"start":{"line":50,"column":4},"end":{"line":50,"column":null}},"type":"if","locations":[{"start":{"line":50,"column":4},"end":{"line":50,"column":null}},{"start":{},"end":{}}],"line":50},"1":{"loc":{"start":{"line":63,"column":2},"end":{"line":84,"column":null}},"type":"if","locations":[{"start":{"line":63,"column":2},"end":{"line":84,"column":null}},{"start":{},"end":{}}],"line":63},"2":{"loc":{"start":{"line":63,"column":6},"end":{"line":63,"column":31}},"type":"binary-expr","locations":[{"start":{"line":63,"column":6},"end":{"line":63,"column":18}},{"start":{"line":63,"column":18},"end":{"line":63,"column":31}}],"line":63},"3":{"loc":{"start":{"line":121,"column":11},"end":{"line":131,"column":null}},"type":"binary-expr","locations":[{"start":{"line":121,"column":11},"end":{"line":121,"column":null}},{"start":{"line":122,"column":12},"end":{"line":131,"column":null}}],"line":121},"4":{"loc":{"start":{"line":168,"column":24},"end":{"line":170,"column":null}},"type":"cond-expr","locations":[{"start":{"line":168,"column":31},"end":{"line":169,"column":null}},{"start":{"line":170,"column":14},"end":{"line":170,"column":null}}],"line":168},"5":{"loc":{"start":{"line":171,"column":20},"end":{"line":171,"column":null}},"type":"cond-expr","locations":[{"start":{"line":171,"column":47},"end":{"line":171,"column":52}},{"start":{"line":171,"column":52},"end":{"line":171,"column":null}}],"line":171},"6":{"loc":{"start":{"line":171,"column":52},"end":{"line":171,"column":null}},"type":"cond-expr","locations":[{"start":{"line":171,"column":78},"end":{"line":171,"column":83}},{"start":{"line":171,"column":83},"end":{"line":171,"column":null}}],"line":171},"7":{"loc":{"start":{"line":182,"column":33},"end":{"line":182,"column":null}},"type":"cond-expr","locations":[{"start":{"line":182,"column":60},"end":{"line":182,"column":72}},{"start":{"line":182,"column":72},"end":{"line":182,"column":null}}],"line":182},"8":{"loc":{"start":{"line":182,"column":72},"end":{"line":182,"column":null}},"type":"cond-expr","locations":[{"start":{"line":182,"column":98},"end":{"line":182,"column":110}},{"start":{"line":182,"column":110},"end":{"line":182,"column":null}}],"line":182},"9":{"loc":{"start":{"line":184,"column":30},"end":{"line":184,"column":null}},"type":"cond-expr","locations":[{"start":{"line":184,"column":56},"end":{"line":184,"column":64}},{"start":{"line":184,"column":64},"end":{"line":184,"column":null}}],"line":184}},"s":{"0":51,"1":51,"2":51,"3":51,"4":51,"5":51,"6":51,"7":51,"8":51,"9":51,"10":51,"11":0,"12":0,"13":0,"14":0,"15":51,"16":0,"17":0,"18":0,"19":0,"20":0,"21":0,"22":51,"23":1122,"24":51,"25":0,"26":0,"27":51,"28":0,"29":459,"30":459,"31":459,"32":1173,"33":663,"34":663,"35":663,"36":663},"f":{"0":51,"1":0,"2":0,"3":1122,"4":0,"5":0,"6":459,"7":1173,"8":663},"b":{"0":[0,0],"1":[0,51],"2":[51,0],"3":[51,0],"4":[459,204],"5":[306,357],"6":[204,153],"7":[306,357],"8":[204,153],"9":[204,459]},"meta":{"lastBranch":10,"lastFunction":9,"lastStatement":37,"seen":{"f:17:16:17:24":0,"s:26:8:26:Infinity":0,"s:27:36:27:Infinity":1,"s:29:23:29:Infinity":2,"s:30:24:30:Infinity":3,"s:31:16:31:Infinity":4,"s:34:29:34:Infinity":5,"s:37:24:37:Infinity":6,"s:38:22:38:Infinity":7,"s:39:27:39:Infinity":8,"s:40:31:40:Infinity":9,"s:42:29:47:Infinity":10,"f:42:29:42:30":1,"s:43:17:43:Infinity":11,"s:44:19:44:Infinity":12,"s:45:22:45:Infinity":13,"s:46:4:46:Infinity":14,"s:49:29:55:Infinity":15,"f:49:29:49:30":2,"b:50:4:50:Infinity:undefined:undefined:undefined:undefined":0,"s:50:4:50:Infinity":16,"s:50:25:50:Infinity":17,"s:51:17:51:Infinity":18,"s:52:19:52:Infinity":19,"s:53:22:53:Infinity":20,"s:54:4:54:Infinity":21,"s:58:18:60:Infinity":22,"f:58:18:58:19":3,"s:59:4:59:Infinity":23,"b:63:2:84:Infinity:undefined:undefined:undefined:undefined":1,"s:63:2:84:Infinity":24,"b:63:6:63:18:63:18:63:31":2,"s:64:4:82:Infinity":25,"f:69:17:69:23":4,"s:69:23:69:Infinity":26,"s:86:2:223:Infinity":27,"b:121:11:121:Infinity:122:12:131:Infinity":3,"f:123:23:123:29":5,"s:123:29:123:Infinity":28,"f:146:21:146:22":6,"s:147:25:147:Infinity":29,"s:148:16:148:Infinity":30,"s:149:10:161:Infinity":31,"f:166:25:166:30":7,"s:166:30:166:45":32,"f:166:51:166:52":8,"s:167:20:167:Infinity":33,"s:168:24:170:Infinity":34,"b:168:31:169:Infinity:170:14:170:Infinity":4,"s:171:20:171:Infinity":35,"b:171:47:171:52:171:52:171:Infinity":5,"b:171:78:171:83:171:83:171:Infinity":6,"s:173:10:186:Infinity":36,"b:182:60:182:72:182:72:182:Infinity":7,"b:182:98:182:110:182:110:182:Infinity":8,"b:184:56:184:64:184:64:184:Infinity":9}}}
,"/Users/Stephen1/Desktop/gitprojects/old-testament-timline/src/components/relationship-lines.tsx": {"path":"/Users/Stephen1/Desktop/gitprojects/old-testament-timline/src/components/relationship-lines.tsx","statementMap":{"0":{"start":{"line":20,"column":23},"end":{"line":58,"column":null}},"1":{"start":{"line":21,"column":4},"end":{"line":57,"column":null}},"2":{"start":{"line":23,"column":8},"end":{"line":28,"column":null}},"3":{"start":{"line":30,"column":8},"end":{"line":35,"column":null}},"4":{"start":{"line":37,"column":8},"end":{"line":42,"column":null}},"5":{"start":{"line":44,"column":8},"end":{"line":49,"column":null}},"6":{"start":{"line":51,"column":8},"end":{"line":56,"column":null}},"7":{"start":{"line":60,"column":16},"end":{"line":60,"column":null}},"8":{"start":{"line":63,"column":8},"end":{"line":63,"column":null}},"9":{"start":{"line":64,"column":24},"end":{"line":64,"column":null}},"10":{"start":{"line":66,"column":15},"end":{"line":66,"column":null}},"11":{"start":{"line":68,"column":2},"end":{"line":118,"column":null}}},"fnMap":{"0":{"name":"RelationshipLine","decl":{"start":{"line":12,"column":16},"end":{"line":12,"column":33}},"loc":{"start":{"line":19,"column":26},"end":{"line":120,"column":null}},"line":19},"1":{"name":"(anonymous_1)","decl":{"start":{"line":20,"column":23},"end":{"line":20,"column":29}},"loc":{"start":{"line":20,"column":29},"end":{"line":58,"column":null}},"line":20}},"branchMap":{"0":{"loc":{"start":{"line":18,"column":2},"end":{"line":18,"column":null}},"type":"default-arg","locations":[{"start":{"line":18,"column":15},"end":{"line":18,"column":null}}],"line":18},"1":{"loc":{"start":{"line":21,"column":4},"end":{"line":57,"column":null}},"type":"switch","locations":[{"start":{"line":22,"column":6},"end":{"line":28,"column":null}},{"start":{"line":29,"column":6},"end":{"line":35,"column":null}},{"start":{"line":36,"column":6},"end":{"line":42,"column":null}},{"start":{"line":43,"column":6},"end":{"line":49,"column":null}},{"start":{"line":50,"column":6},"end":{"line":56,"column":null}}],"line":21},"2":{"loc":{"start":{"line":92,"column":14},"end":{"line":94,"column":null}},"type":"binary-expr","locations":[{"start":{"line":92,"column":14},"end":{"line":92,"column":28}},{"start":{"line":92,"column":28},"end":{"line":92,"column":53}},{"start":{"line":92,"column":53},"end":{"line":94,"column":null}}],"line":92},"3":{"loc":{"start":{"line":99,"column":14},"end":{"line":105,"column":null}},"type":"binary-expr","locations":[{"start":{"line":99,"column":14},"end":{"line":99,"column":28}},{"start":{"line":99,"column":28},"end":{"line":99,"column":53}},{"start":{"line":99,"column":53},"end":{"line":105,"column":null}}],"line":99},"4":{"loc":{"start":{"line":109,"column":7},"end":{"line":116,"column":null}},"type":"binary-expr","locations":[{"start":{"line":109,"column":7},"end":{"line":109,"column":null}},{"start":{"line":110,"column":8},"end":{"line":116,"column":null}}],"line":109}},"s":{"0":0,"1":0,"2":0,"3":0,"4":0,"5":0,"6":0,"7":0,"8":0,"9":0,"10":0,"11":0},"f":{"0":0,"1":0},"b":{"0":[0],"1":[0,0,0,0,0],"2":[0,0,0],"3":[0,0,0],"4":[0,0]},"meta":{"lastBranch":5,"lastFunction":2,"lastStatement":12,"seen":{"f:12:16:12:33":0,"b:18:15:18:Infinity":0,"s:20:23:58:Infinity":0,"f:20:23:20:29":1,"b:22:6:28:Infinity:29:6:35:Infinity:36:6:42:Infinity:43:6:49:Infinity:50:6:56:Infinity":1,"s:21:4:57:Infinity":1,"s:23:8:28:Infinity":2,"s:30:8:35:Infinity":3,"s:37:8:42:Infinity":4,"s:44:8:49:Infinity":5,"s:51:8:56:Infinity":6,"s:60:16:60:Infinity":7,"s:63:8:63:Infinity":8,"s:64:24:64:Infinity":9,"s:66:15:66:Infinity":10,"s:68:2:118:Infinity":11,"b:92:14:92:28:92:28:92:53:92:53:94:Infinity":2,"b:99:14:99:28:99:28:99:53:99:53:105:Infinity":3,"b:109:7:109:Infinity:110:8:116:Infinity":4}}}
,"/Users/Stephen1/Desktop/gitprojects/old-testament-timline/src/components/right-rail.tsx": {"path":"/Users/Stephen1/Desktop/gitprojects/old-testament-timline/src/components/right-rail.tsx","statementMap":{"0":{"start":{"line":14,"column":8},"end":{"line":14,"column":null}},"1":{"start":{"line":15,"column":21},"end":{"line":15,"column":null}},"2":{"start":{"line":17,"column":36},"end":{"line":21,"column":null}},"3":{"start":{"line":23,"column":26},"end":{"line":25,"column":null}},"4":{"start":{"line":24,"column":31},"end":{"line":24,"column":67}},"5":{"start":{"line":28,"column":21},"end":{"line":30,"column":null}},"6":{"start":{"line":29,"column":4},"end":{"line":29,"column":null}},"7":{"start":{"line":32,"column":20},"end":{"line":34,"column":null}},"8":{"start":{"line":36,"column":2},"end":{"line":314,"column":null}},"9":{"start":{"line":172,"column":18},"end":{"line":184,"column":null}},"10":{"start":{"line":217,"column":18},"end":{"line":255,"column":null}},"11":{"start":{"line":219,"column":35},"end":{"line":219,"column":null}}},"fnMap":{"0":{"name":"RightRail","decl":{"start":{"line":13,"column":16},"end":{"line":13,"column":26}},"loc":{"start":{"line":13,"column":93},"end":{"line":316,"column":null}},"line":13},"1":{"name":"(anonymous_1)","decl":{"start":{"line":24,"column":26},"end":{"line":24,"column":31}},"loc":{"start":{"line":24,"column":31},"end":{"line":24,"column":67}},"line":24},"2":{"name":"(anonymous_2)","decl":{"start":{"line":28,"column":21},"end":{"line":28,"column":22}},"loc":{"start":{"line":28,"column":75},"end":{"line":30,"column":null}},"line":28},"3":{"name":"(anonymous_3)","decl":{"start":{"line":171,"column":35},"end":{"line":171,"column":null}},"loc":{"start":{"line":172,"column":18},"end":{"line":184,"column":null}},"line":172},"4":{"name":"(anonymous_4)","decl":{"start":{"line":216,"column":37},"end":{"line":216,"column":null}},"loc":{"start":{"line":217,"column":18},"end":{"line":255,"column":null}},"line":217},"5":{"name":"(anonymous_5)","decl":{"start":{"line":219,"column":29},"end":{"line":219,"column":35}},"loc":{"start":{"line":219,"column":35},"end":{"line":219,"column":null}},"line":219}},"branchMap":{"0":{"loc":{"start":{"line":15,"column":21},"end":{"line":15,"column":null}},"type":"cond-expr","locations":[{"start":{"line":15,"column":32},"end":{"line":15,"column":54}},{"start":{"line":15,"column":54},"end":{"line":15,"column":null}}],"line":15},"1":{"loc":{"start":{"line":23,"column":26},"end":{"line":25,"column":null}},"type":"cond-expr","locations":[{"start":{"line":24,"column":6},"end":{"line":24,"column":null}},{"start":{"line":25,"column":6},"end":{"line":25,"column":null}}],"line":23},"2":{"loc":{"start":{"line":29,"column":14},"end":{"line":29,"column":54}},"type":"cond-expr","locations":[{"start":{"line":29,"column":44},"end":{"line":29,"column":52}},{"start":{"line":29,"column":52},"end":{"line":29,"column":54}}],"line":29},"3":{"loc":{"start":{"line":32,"column":20},"end":{"line":34,"column":null}},"type":"cond-expr","locations":[{"start":{"line":33,"column":6},"end":{"line":33,"column":null}},{"start":{"line":34,"column":6},"end":{"line":34,"column":null}}],"line":32},"4":{"loc":{"start":{"line":59,"column":22},"end":{"line":59,"column":46}},"type":"cond-expr","locations":[{"start":{"line":59,"column":33},"end":{"line":59,"column":42}},{"start":{"line":59,"column":42},"end":{"line":59,"column":46}}],"line":59},"5":{"loc":{"start":{"line":61,"column":19},"end":{"line":61,"column":43}},"type":"cond-expr","locations":[{"start":{"line":61,"column":30},"end":{"line":61,"column":39}},{"start":{"line":61,"column":39},"end":{"line":61,"column":43}}],"line":61},"6":{"loc":{"start":{"line":89,"column":15},"end":{"line":89,"column":null}},"type":"binary-expr","locations":[{"start":{"line":89,"column":15},"end":{"line":89,"column":43}},{"start":{"line":89,"column":43},"end":{"line":89,"column":null}}],"line":89},"7":{"loc":{"start":{"line":90,"column":15},"end":{"line":90,"column":null}},"type":"binary-expr","locations":[{"start":{"line":90,"column":15},"end":{"line":90,"column":42}},{"start":{"line":90,"column":42},"end":{"line":90,"column":null}}],"line":90},"8":{"loc":{"start":{"line":91,"column":15},"end":{"line":91,"column":null}},"type":"binary-expr","locations":[{"start":{"line":91,"column":15},"end":{"line":91,"column":41}},{"start":{"line":91,"column":41},"end":{"line":91,"column":null}}],"line":91},"9":{"loc":{"start":{"line":138,"column":26},"end":{"line":140,"column":null}},"type":"cond-expr","locations":[{"start":{"line":139,"column":22},"end":{"line":139,"column":null}},{"start":{"line":140,"column":22},"end":{"line":140,"column":null}}],"line":138},"10":{"loc":{"start":{"line":159,"column":11},"end":{"line":187,"column":null}},"type":"binary-expr","locations":[{"start":{"line":159,"column":11},"end":{"line":159,"column":28}},{"start":{"line":159,"column":28},"end":{"line":159,"column":null}},{"start":{"line":160,"column":12},"end":{"line":187,"column":null}}],"line":159},"11":{"loc":{"start":{"line":191,"column":11},"end":{"line":258,"column":null}},"type":"binary-expr","locations":[{"start":{"line":191,"column":11},"end":{"line":191,"column":null}},{"start":{"line":192,"column":12},"end":{"line":258,"column":null}}],"line":191},"12":{"loc":{"start":{"line":202,"column":15},"end":{"line":213,"column":null}},"type":"binary-expr","locations":[{"start":{"line":202,"column":15},"end":{"line":202,"column":null}},{"start":{"line":203,"column":16},"end":{"line":213,"column":null}}],"line":202},"13":{"loc":{"start":{"line":219,"column":35},"end":{"line":219,"column":null}},"type":"binary-expr","locations":[{"start":{"line":219,"column":35},"end":{"line":219,"column":47}},{"start":{"line":219,"column":47},"end":{"line":219,"column":null}}],"line":219},"14":{"loc":{"start":{"line":244,"column":25},"end":{"line":244,"column":null}},"type":"binary-expr","locations":[{"start":{"line":244,"column":25},"end":{"line":244,"column":54}},{"start":{"line":244,"column":54},"end":{"line":244,"column":null}}],"line":244},"15":{"loc":{"start":{"line":245,"column":25},"end":{"line":245,"column":null}},"type":"binary-expr","locations":[{"start":{"line":245,"column":25},"end":{"line":245,"column":53}},{"start":{"line":245,"column":53},"end":{"line":245,"column":null}}],"line":245},"16":{"loc":{"start":{"line":246,"column":25},"end":{"line":246,"column":null}},"type":"binary-expr","locations":[{"start":{"line":246,"column":25},"end":{"line":246,"column":52}},{"start":{"line":246,"column":52},"end":{"line":246,"column":null}}],"line":246},"17":{"loc":{"start":{"line":249,"column":21},"end":{"line":253,"column":null}},"type":"binary-expr","locations":[{"start":{"line":249,"column":21},"end":{"line":249,"column":null}},{"start":{"line":250,"column":22},"end":{"line":253,"column":null}}],"line":249},"18":{"loc":{"start":{"line":262,"column":11},"end":{"line":285,"column":null}},"type":"binary-expr","locations":[{"start":{"line":262,"column":11},"end":{"line":262,"column":null}},{"start":{"line":263,"column":12},"end":{"line":285,"column":null}}],"line":262},"19":{"loc":{"start":{"line":289,"column":11},"end":{"line":310,"column":null}},"type":"binary-expr","locations":[{"start":{"line":289,"column":11},"end":{"line":289,"column":null}},{"start":{"line":290,"column":12},"end":{"line":310,"column":null}}],"line":289}},"s":{"0":13,"1":13,"2":13,"3":13,"4":299,"5":13,"6":19,"7":13,"8":13,"9":7,"10":12,"11":0},"f":{"0":13,"1":299,"2":19,"3":7,"4":12,"5":0},"b":{"0":[0,13],"1":[13,0],"2":[12,7],"3":[6,7],"4":[0,13],"5":[0,13],"6":[13,13],"7":[13,0],"8":[13,0],"9":[6,7],"10":[13,7,7],"11":[13,6],"12":[6,4],"13":[0,0],"14":[12,6],"15":[12,0],"16":[12,6],"17":[12,4],"18":[13,6],"19":[13,6]},"meta":{"lastBranch":20,"lastFunction":6,"lastStatement":12,"seen":{"f:13:16:13:26":0,"s:14:8:14:Infinity":0,"s:15:21:15:Infinity":1,"b:15:32:15:54:15:54:15:Infinity":0,"s:17:36:21:Infinity":2,"s:23:26:25:Infinity":3,"b:24:6:24:Infinity:25:6:25:Infinity":1,"f:24:26:24:31":1,"s:24:31:24:67":4,"s:28:21:30:Infinity":5,"f:28:21:28:22":2,"s:29:4:29:Infinity":6,"b:29:44:29:52:29:52:29:54":2,"s:32:20:34:Infinity":7,"b:33:6:33:Infinity:34:6:34:Infinity":3,"s:36:2:314:Infinity":8,"b:59:33:59:42:59:42:59:46":4,"b:61:30:61:39:61:39:61:43":5,"b:89:15:89:43:89:43:89:Infinity":6,"b:90:15:90:42:90:42:90:Infinity":7,"b:91:15:91:41:91:41:91:Infinity":8,"b:139:22:139:Infinity:140:22:140:Infinity":9,"b:159:11:159:28:159:28:159:Infinity:160:12:187:Infinity":10,"f:171:35:171:Infinity":3,"s:172:18:184:Infinity":9,"b:191:11:191:Infinity:192:12:258:Infinity":11,"b:202:15:202:Infinity:203:16:213:Infinity":12,"f:216:37:216:Infinity":4,"s:217:18:255:Infinity":10,"f:219:29:219:35":5,"s:219:35:219:Infinity":11,"b:219:35:219:47:219:47:219:Infinity":13,"b:244:25:244:54:244:54:244:Infinity":14,"b:245:25:245:53:245:53:245:Infinity":15,"b:246:25:246:52:246:52:246:Infinity":16,"b:249:21:249:Infinity:250:22:253:Infinity":17,"b:262:11:262:Infinity:263:12:285:Infinity":18,"b:289:11:289:Infinity:290:12:310:Infinity":19}}}
,"/Users/Stephen1/Desktop/gitprojects/old-testament-timline/src/components/timeline-nodes.tsx": {"path":"/Users/Stephen1/Desktop/gitprojects/old-testament-timline/src/components/timeline-nodes.tsx","statementMap":{"0":{"start":{"line":11,"column":2},"end":{"line":34,"column":null}},"1":{"start":{"line":47,"column":20},"end":{"line":47,"column":null}},"2":{"start":{"line":50,"column":22},"end":{"line":50,"column":null}},"3":{"start":{"line":51,"column":22},"end":{"line":51,"column":null}},"4":{"start":{"line":53,"column":2},"end":{"line":59,"column":null}},"5":{"start":{"line":54,"column":4},"end":{"line":54,"column":null}},"6":{"start":{"line":55,"column":4},"end":{"line":55,"column":null}},"7":{"start":{"line":56,"column":2},"end":{"line":59,"column":null}},"8":{"start":{"line":57,"column":4},"end":{"line":57,"column":null}},"9":{"start":{"line":58,"column":4},"end":{"line":58,"column":null}},"10":{"start":{"line":62,"column":2},"end":{"line":87,"column":null}},"11":{"start":{"line":62,"column":18},"end":{"line":62,"column":70}},"12":{"start":{"line":63,"column":10},"end":{"line":63,"column":null}},"13":{"start":{"line":64,"column":4},"end":{"line":86,"column":null}},"14":{"start":{"line":90,"column":2},"end":{"line":108,"column":null}},"15":{"start":{"line":91,"column":4},"end":{"line":107,"column":null}},"16":{"start":{"line":91,"column":20},"end":{"line":91,"column":72}},"17":{"start":{"line":92,"column":6},"end":{"line":106,"column":null}},"18":{"start":{"line":93,"column":14},"end":{"line":93,"column":null}},"19":{"start":{"line":94,"column":8},"end":{"line":105,"column":null}},"20":{"start":{"line":110,"column":2},"end":{"line":110,"column":null}},"21":{"start":{"line":120,"column":16},"end":{"line":120,"column":null}},"22":{"start":{"line":121,"column":18},"end":{"line":121,"column":null}},"23":{"start":{"line":123,"column":2},"end":{"line":139,"column":null}},"24":{"start":{"line":151,"column":24},"end":{"line":151,"column":null}},"25":{"start":{"line":152,"column":16},"end":{"line":154,"column":null}},"26":{"start":{"line":156,"column":2},"end":{"line":171,"column":null}},"27":{"start":{"line":208,"column":19},"end":{"line":208,"column":null}},"28":{"start":{"line":209,"column":18},"end":{"line":209,"column":null}},"29":{"start":{"line":210,"column":19},"end":{"line":210,"column":null}},"30":{"start":{"line":212,"column":2},"end":{"line":272,"column":null}},"31":{"start":{"line":213,"column":4},"end":{"line":231,"column":null}},"32":{"start":{"line":214,"column":6},"end":{"line":214,"column":null}},"33":{"start":{"line":215,"column":6},"end":{"line":215,"column":null}},"34":{"start":{"line":216,"column":6},"end":{"line":216,"column":null}},"35":{"start":{"line":217,"column":4},"end":{"line":231,"column":null}},"36":{"start":{"line":218,"column":6},"end":{"line":218,"column":null}},"37":{"start":{"line":219,"column":6},"end":{"line":219,"column":null}},"38":{"start":{"line":220,"column":6},"end":{"line":220,"column":null}},"39":{"start":{"line":221,"column":4},"end":{"line":231,"column":null}},"40":{"start":{"line":222,"column":6},"end":{"line":222,"column":null}},"41":{"start":{"line":223,"column":6},"end":{"line":223,"column":null}},"42":{"start":{"line":224,"column":6},"end":{"line":224,"column":null}},"43":{"start":{"line":225,"column":4},"end":{"line":231,"column":null}},"44":{"start":{"line":226,"column":6},"end":{"line":226,"column":null}},"45":{"start":{"line":227,"column":6},"end":{"line":227,"column":null}},"46":{"start":{"line":229,"column":6},"end":{"line":229,"column":null}},"47":{"start":{"line":230,"column":6},"end":{"line":230,"column":null}},"48":{"start":{"line":232,"column":2},"end":{"line":272,"column":null}},"49":{"start":{"line":233,"column":4},"end":{"line":251,"column":null}},"50":{"start":{"line":234,"column":6},"end":{"line":234,"column":null}},"51":{"start":{"line":235,"column":6},"end":{"line":235,"column":null}},"52":{"start":{"line":236,"column":6},"end":{"line":236,"column":null}},"53":{"start":{"line":237,"column":4},"end":{"line":251,"column":null}},"54":{"start":{"line":238,"column":6},"end":{"line":238,"column":null}},"55":{"start":{"line":239,"column":6},"end":{"line":239,"column":null}},"56":{"start":{"line":240,"column":6},"end":{"line":240,"column":null}},"57":{"start":{"line":241,"column":4},"end":{"line":251,"column":null}},"58":{"start":{"line":242,"column":6},"end":{"line":242,"column":null}},"59":{"start":{"line":243,"column":6},"end":{"line":243,"column":null}},"60":{"start":{"line":244,"column":6},"end":{"line":244,"column":null}},"61":{"start":{"line":245,"column":4},"end":{"line":251,"column":null}},"62":{"start":{"line":246,"column":6},"end":{"line":246,"column":null}},"63":{"start":{"line":247,"column":6},"end":{"line":247,"column":null}},"64":{"start":{"line":249,"column":6},"end":{"line":249,"column":null}},"65":{"start":{"line":250,"column":6},"end":{"line":250,"column":null}},"66":{"start":{"line":252,"column":2},"end":{"line":272,"column":null}},"67":{"start":{"line":253,"column":4},"end":{"line":271,"column":null}},"68":{"start":{"line":254,"column":6},"end":{"line":254,"column":null}},"69":{"start":{"line":255,"column":6},"end":{"line":255,"column":null}},"70":{"start":{"line":256,"column":6},"end":{"line":256,"column":null}},"71":{"start":{"line":257,"column":4},"end":{"line":271,"column":null}},"72":{"start":{"line":258,"column":6},"end":{"line":258,"column":null}},"73":{"start":{"line":259,"column":6},"end":{"line":259,"column":null}},"74":{"start":{"line":260,"column":6},"end":{"line":260,"column":null}},"75":{"start":{"line":261,"column":4},"end":{"line":271,"column":null}},"76":{"start":{"line":262,"column":6},"end":{"line":262,"column":null}},"77":{"start":{"line":263,"column":6},"end":{"line":263,"column":null}},"78":{"start":{"line":264,"column":6},"end":{"line":264,"column":null}},"79":{"start":{"line":265,"column":4},"end":{"line":271,"column":null}},"80":{"start":{"line":266,"column":6},"end":{"line":266,"column":null}},"81":{"start":{"line":267,"column":6},"end":{"line":267,"column":null}},"82":{"start":{"line":269,"column":6},"end":{"line":269,"column":null}},"83":{"start":{"line":270,"column":6},"end":{"line":270,"column":null}},"84":{"start":{"line":275,"column":8},"end":{"line":275,"column":null}},"85":{"start":{"line":276,"column":20},"end":{"line":276,"column":null}},"86":{"start":{"line":279,"column":24},"end":{"line":279,"column":null}},"87":{"start":{"line":280,"column":2},"end":{"line":286,"column":null}},"88":{"start":{"line":281,"column":4},"end":{"line":281,"column":null}},"89":{"start":{"line":282,"column":2},"end":{"line":286,"column":null}},"90":{"start":{"line":283,"column":4},"end":{"line":283,"column":null}},"91":{"start":{"line":284,"column":2},"end":{"line":286,"column":null}},"92":{"start":{"line":285,"column":4},"end":{"line":285,"column":null}},"93":{"start":{"line":289,"column":16},"end":{"line":289,"column":null}},"94":{"start":{"line":290,"column":20},"end":{"line":290,"column":null}},"95":{"start":{"line":291,"column":20},"end":{"line":291,"column":null}},"96":{"start":{"line":293,"column":2},"end":{"line":295,"column":null}},"97":{"start":{"line":294,"column":4},"end":{"line":294,"column":null}},"98":{"start":{"line":297,"column":2},"end":{"line":309,"column":null}},"99":{"start":{"line":299,"column":18},"end":{"line":299,"column":null}},"100":{"start":{"line":300,"column":50},"end":{"line":305,"column":null}},"101":{"start":{"line":306,"column":4},"end":{"line":306,"column":null}},"102":{"start":{"line":307,"column":4},"end":{"line":307,"column":null}},"103":{"start":{"line":308,"column":4},"end":{"line":308,"column":null}},"104":{"start":{"line":311,"column":2},"end":{"line":315,"column":null}},"105":{"start":{"line":312,"column":4},"end":{"line":312,"column":null}},"106":{"start":{"line":313,"column":4},"end":{"line":313,"column":null}},"107":{"start":{"line":314,"column":4},"end":{"line":314,"column":null}},"108":{"start":{"line":318,"column":23},"end":{"line":318,"column":null}},"109":{"start":{"line":319,"column":20},"end":{"line":319,"column":null}},"110":{"start":{"line":322,"column":20},"end":{"line":324,"column":null}},"111":{"start":{"line":327,"column":24},"end":{"line":332,"column":null}},"112":{"start":{"line":328,"column":4},"end":{"line":331,"column":null}},"113":{"start":{"line":329,"column":6},"end":{"line":329,"column":null}},"114":{"start":{"line":330,"column":6},"end":{"line":330,"column":null}},"115":{"start":{"line":334,"column":2},"end":{"line":425,"column":null}}},"fnMap":{"0":{"name":"PeriodBand","decl":{"start":{"line":10,"column":16},"end":{"line":10,"column":27}},"loc":{"start":{"line":10,"column":66},"end":{"line":36,"column":null}},"line":10},"1":{"name":"TimeGrid","decl":{"start":{"line":46,"column":16},"end":{"line":46,"column":25}},"loc":{"start":{"line":46,"column":87},"end":{"line":111,"column":null}},"line":46},"2":{"name":"RoleBadge","decl":{"start":{"line":119,"column":9},"end":{"line":119,"column":19}},"loc":{"start":{"line":119,"column":62},"end":{"line":141,"column":null}},"line":119},"3":{"name":"DateBadge","decl":{"start":{"line":150,"column":9},"end":{"line":150,"column":19}},"loc":{"start":{"line":150,"column":70},"end":{"line":173,"column":null}},"line":150},"4":{"name":"TimelineNode","decl":{"start":{"line":192,"column":16},"end":{"line":192,"column":29}},"loc":{"start":{"line":206,"column":22},"end":{"line":427,"column":null}},"line":206},"5":{"name":"(anonymous_5)","decl":{"start":{"line":327,"column":24},"end":{"line":327,"column":25}},"loc":{"start":{"line":327,"column":52},"end":{"line":332,"column":null}},"line":327}},"branchMap":{"0":{"loc":{"start":{"line":53,"column":2},"end":{"line":59,"column":null}},"type":"if","locations":[{"start":{"line":53,"column":2},"end":{"line":59,"column":null}},{"start":{"line":56,"column":2},"end":{"line":59,"column":null}}],"line":53},"1":{"loc":{"start":{"line":56,"column":2},"end":{"line":59,"column":null}},"type":"if","locations":[{"start":{"line":56,"column":2},"end":{"line":59,"column":null}},{"start":{},"end":{}}],"line":56},"2":{"loc":{"start":{"line":90,"column":2},"end":{"line":108,"column":null}},"type":"if","locations":[{"start":{"line":90,"column":2},"end":{"line":108,"column":null}},{"start":{},"end":{}}],"line":90},"3":{"loc":{"start":{"line":92,"column":6},"end":{"line":106,"column":null}},"type":"if","locations":[{"start":{"line":92,"column":6},"end":{"line":106,"column":null}},{"start":{},"end":{}}],"line":92},"4":{"loc":{"start":{"line":119,"column":27},"end":{"line":119,"column":43}},"type":"default-arg","locations":[{"start":{"line":119,"column":34},"end":{"line":119,"column":43}}],"line":119},"5":{"loc":{"start":{"line":120,"column":16},"end":{"line":120,"column":null}},"type":"binary-expr","locations":[{"start":{"line":120,"column":16},"end":{"line":120,"column":63}},{"start":{"line":120,"column":63},"end":{"line":120,"column":null}}],"line":120},"6":{"loc":{"start":{"line":130,"column":18},"end":{"line":130,"column":null}},"type":"cond-expr","locations":[{"start":{"line":130,"column":28},"end":{"line":130,"column":36}},{"start":{"line":130,"column":36},"end":{"line":130,"column":null}}],"line":130},"7":{"loc":{"start":{"line":132,"column":15},"end":{"line":132,"column":null}},"type":"cond-expr","locations":[{"start":{"line":132,"column":25},"end":{"line":132,"column":34}},{"start":{"line":132,"column":34},"end":{"line":132,"column":null}}],"line":132},"8":{"loc":{"start":{"line":133,"column":16},"end":{"line":133,"column":null}},"type":"cond-expr","locations":[{"start":{"line":133,"column":26},"end":{"line":133,"column":35}},{"start":{"line":133,"column":35},"end":{"line":133,"column":null}}],"line":133},"9":{"loc":{"start":{"line":152,"column":16},"end":{"line":154,"column":null}},"type":"cond-expr","locations":[{"start":{"line":153,"column":6},"end":{"line":153,"column":null}},{"start":{"line":154,"column":6},"end":{"line":154,"column":null}}],"line":152},"10":{"loc":{"start":{"line":153,"column":9},"end":{"line":153,"column":35}},"type":"cond-expr","locations":[{"start":{"line":153,"column":25},"end":{"line":153,"column":33}},{"start":{"line":153,"column":33},"end":{"line":153,"column":35}}],"line":153},"11":{"loc":{"start":{"line":154,"column":9},"end":{"line":154,"column":35}},"type":"cond-expr","locations":[{"start":{"line":154,"column":25},"end":{"line":154,"column":33}},{"start":{"line":154,"column":33},"end":{"line":154,"column":35}}],"line":154},"12":{"loc":{"start":{"line":161,"column":16},"end":{"line":163,"column":null}},"type":"cond-expr","locations":[{"start":{"line":162,"column":12},"end":{"line":162,"column":null}},{"start":{"line":163,"column":12},"end":{"line":163,"column":null}}],"line":161},"13":{"loc":{"start":{"line":212,"column":2},"end":{"line":272,"column":null}},"type":"if","locations":[{"start":{"line":212,"column":2},"end":{"line":272,"column":null}},{"start":{"line":232,"column":2},"end":{"line":272,"column":null}}],"line":212},"14":{"loc":{"start":{"line":213,"column":4},"end":{"line":231,"column":null}},"type":"if","locations":[{"start":{"line":213,"column":4},"end":{"line":231,"column":null}},{"start":{"line":217,"column":4},"end":{"line":231,"column":null}}],"line":213},"15":{"loc":{"start":{"line":217,"column":4},"end":{"line":231,"column":null}},"type":"if","locations":[{"start":{"line":217,"column":4},"end":{"line":231,"column":null}},{"start":{"line":221,"column":4},"end":{"line":231,"column":null}}],"line":217},"16":{"loc":{"start":{"line":221,"column":4},"end":{"line":231,"column":null}},"type":"if","locations":[{"start":{"line":221,"column":4},"end":{"line":231,"column":null}},{"start":{"line":225,"column":4},"end":{"line":231,"column":null}}],"line":221},"17":{"loc":{"start":{"line":225,"column":4},"end":{"line":231,"column":null}},"type":"if","locations":[{"start":{"line":225,"column":4},"end":{"line":231,"column":null}},{"start":{"line":228,"column":11},"end":{"line":231,"column":null}}],"line":225},"18":{"loc":{"start":{"line":232,"column":2},"end":{"line":272,"column":null}},"type":"if","locations":[{"start":{"line":232,"column":2},"end":{"line":272,"column":null}},{"start":{"line":252,"column":2},"end":{"line":272,"column":null}}],"line":232},"19":{"loc":{"start":{"line":233,"column":4},"end":{"line":251,"column":null}},"type":"if","locations":[{"start":{"line":233,"column":4},"end":{"line":251,"column":null}},{"start":{"line":237,"column":4},"end":{"line":251,"column":null}}],"line":233},"20":{"loc":{"start":{"line":237,"column":4},"end":{"line":251,"column":null}},"type":"if","locations":[{"start":{"line":237,"column":4},"end":{"line":251,"column":null}},{"start":{"line":241,"column":4},"end":{"line":251,"column":null}}],"line":237},"21":{"loc":{"start":{"line":241,"column":4},"end":{"line":251,"column":null}},"type":"if","locations":[{"start":{"line":241,"column":4},"end":{"line":251,"column":null}},{"start":{"line":245,"column":4},"end":{"line":251,"column":null}}],"line":241},"22":{"loc":{"start":{"line":245,"column":4},"end":{"line":251,"column":null}},"type":"if","locations":[{"start":{"line":245,"column":4},"end":{"line":251,"column":null}},{"start":{"line":248,"column":11},"end":{"line":251,"column":null}}],"line":245},"23":{"loc":{"start":{"line":252,"column":2},"end":{"line":272,"column":null}},"type":"if","locations":[{"start":{"line":252,"column":2},"end":{"line":272,"column":null}},{"start":{},"end":{}}],"line":252},"24":{"loc":{"start":{"line":253,"column":4},"end":{"line":271,"column":null}},"type":"if","locations":[{"start":{"line":253,"column":4},"end":{"line":271,"column":null}},{"start":{"line":257,"column":4},"end":{"line":271,"column":null}}],"line":253},"25":{"loc":{"start":{"line":257,"column":4},"end":{"line":271,"column":null}},"type":"if","locations":[{"start":{"line":257,"column":4},"end":{"line":271,"column":null}},{"start":{"line":261,"column":4},"end":{"line":271,"column":null}}],"line":257},"26":{"loc":{"start":{"line":261,"column":4},"end":{"line":271,"column":null}},"type":"if","locations":[{"start":{"line":261,"column":4},"end":{"line":271,"column":null}},{"start":{"line":265,"column":4},"end":{"line":271,"column":null}}],"line":261},"27":{"loc":{"start":{"line":265,"column":4},"end":{"line":271,"column":null}},"type":"if","locations":[{"start":{"line":265,"column":4},"end":{"line":271,"column":null}},{"start":{"line":268,"column":11},"end":{"line":271,"column":null}}],"line":265},"28":{"loc":{"start":{"line":275,"column":26},"end":{"line":275,"column":51}},"type":"binary-expr","locations":[{"start":{"line":275,"column":26},"end":{"line":275,"column":45}},{"start":{"line":275,"column":45},"end":{"line":275,"column":51}}],"line":275},"29":{"loc":{"start":{"line":280,"column":2},"end":{"line":286,"column":null}},"type":"if","locations":[{"start":{"line":280,"column":2},"end":{"line":286,"column":null}},{"start":{"line":282,"column":2},"end":{"line":286,"column":null}}],"line":280},"30":{"loc":{"start":{"line":280,"column":6},"end":{"line":280,"column":47}},"type":"binary-expr","locations":[{"start":{"line":280,"column":6},"end":{"line":280,"column":34}},{"start":{"line":280,"column":34},"end":{"line":280,"column":47}}],"line":280},"31":{"loc":{"start":{"line":282,"column":2},"end":{"line":286,"column":null}},"type":"if","locations":[{"start":{"line":282,"column":2},"end":{"line":286,"column":null}},{"start":{"line":284,"column":2},"end":{"line":286,"column":null}}],"line":282},"32":{"loc":{"start":{"line":282,"column":13},"end":{"line":282,"column":57}},"type":"binary-expr","locations":[{"start":{"line":282,"column":13},"end":{"line":282,"column":40}},{"start":{"line":282,"column":40},"end":{"line":282,"column":57}}],"line":282},"33":{"loc":{"start":{"line":284,"column":2},"end":{"line":286,"column":null}},"type":"if","locations":[{"start":{"line":284,"column":2},"end":{"line":286,"column":null}},{"start":{},"end":{}}],"line":284},"34":{"loc":{"start":{"line":284,"column":13},"end":{"line":284,"column":53}},"type":"binary-expr","locations":[{"start":{"line":284,"column":13},"end":{"line":284,"column":39}},{"start":{"line":284,"column":39},"end":{"line":284,"column":53}}],"line":284},"35":{"loc":{"start":{"line":293,"column":2},"end":{"line":295,"column":null}},"type":"if","locations":[{"start":{"line":293,"column":2},"end":{"line":295,"column":null}},{"start":{},"end":{}}],"line":293},"36":{"loc":{"start":{"line":297,"column":2},"end":{"line":309,"column":null}},"type":"if","locations":[{"start":{"line":297,"column":2},"end":{"line":309,"column":null}},{"start":{},"end":{}}],"line":297},"37":{"loc":{"start":{"line":297,"column":6},"end":{"line":297,"column":38}},"type":"binary-expr","locations":[{"start":{"line":297,"column":6},"end":{"line":297,"column":23}},{"start":{"line":297,"column":23},"end":{"line":297,"column":38}}],"line":297},"38":{"loc":{"start":{"line":306,"column":18},"end":{"line":306,"column":null}},"type":"binary-expr","locations":[{"start":{"line":306,"column":18},"end":{"line":306,"column":42}},{"start":{"line":306,"column":42},"end":{"line":306,"column":null}}],"line":306},"39":{"loc":{"start":{"line":311,"column":2},"end":{"line":315,"column":null}},"type":"if","locations":[{"start":{"line":311,"column":2},"end":{"line":315,"column":null}},{"start":{},"end":{}}],"line":311},"40":{"loc":{"start":{"line":318,"column":23},"end":{"line":318,"column":null}},"type":"binary-expr","locations":[{"start":{"line":318,"column":23},"end":{"line":318,"column":50}},{"start":{"line":318,"column":50},"end":{"line":318,"column":null}}],"line":318},"41":{"loc":{"start":{"line":319,"column":20},"end":{"line":319,"column":null}},"type":"cond-expr","locations":[{"start":{"line":319,"column":35},"end":{"line":319,"column":48}},{"start":{"line":319,"column":48},"end":{"line":319,"column":null}}],"line":319},"42":{"loc":{"start":{"line":322,"column":20},"end":{"line":324,"column":null}},"type":"cond-expr","locations":[{"start":{"line":323,"column":6},"end":{"line":323,"column":null}},{"start":{"line":324,"column":6},"end":{"line":324,"column":null}}],"line":322},"43":{"loc":{"start":{"line":328,"column":4},"end":{"line":331,"column":null}},"type":"if","locations":[{"start":{"line":328,"column":4},"end":{"line":331,"column":null}},{"start":{},"end":{}}],"line":328},"44":{"loc":{"start":{"line":328,"column":8},"end":{"line":328,"column":44}},"type":"binary-expr","locations":[{"start":{"line":328,"column":8},"end":{"line":328,"column":29}},{"start":{"line":328,"column":29},"end":{"line":328,"column":44}}],"line":328},"45":{"loc":{"start":{"line":345,"column":19},"end":{"line":345,"column":null}},"type":"cond-expr","locations":[{"start":{"line":345,"column":36},"end":{"line":345,"column":52}},{"start":{"line":345,"column":52},"end":{"line":345,"column":null}}],"line":345},"46":{"loc":{"start":{"line":346,"column":16},"end":{"line":346,"column":null}},"type":"cond-expr","locations":[{"start":{"line":346,"column":33},"end":{"line":346,"column":38}},{"start":{"line":346,"column":38},"end":{"line":346,"column":null}}],"line":346},"47":{"loc":{"start":{"line":346,"column":38},"end":{"line":346,"column":null}},"type":"cond-expr","locations":[{"start":{"line":346,"column":54},"end":{"line":346,"column":59}},{"start":{"line":346,"column":59},"end":{"line":346,"column":null}}],"line":346},"48":{"loc":{"start":{"line":364,"column":24},"end":{"line":364,"column":null}},"type":"cond-expr","locations":[{"start":{"line":364,"column":39},"end":{"line":364,"column":47}},{"start":{"line":364,"column":47},"end":{"line":364,"column":null}}],"line":364},"49":{"loc":{"start":{"line":365,"column":21},"end":{"line":367,"column":null}},"type":"cond-expr","locations":[{"start":{"line":366,"column":14},"end":{"line":366,"column":null}},{"start":{"line":367,"column":14},"end":{"line":367,"column":null}}],"line":365},"50":{"loc":{"start":{"line":365,"column":21},"end":{"line":365,"column":null}},"type":"binary-expr","locations":[{"start":{"line":365,"column":21},"end":{"line":365,"column":39}},{"start":{"line":365,"column":39},"end":{"line":365,"column":null}}],"line":365},"51":{"loc":{"start":{"line":372,"column":7},"end":{"line":387,"column":null}},"type":"binary-expr","locations":[{"start":{"line":372,"column":7},"end":{"line":372,"column":25}},{"start":{"line":372,"column":25},"end":{"line":372,"column":45}},{"start":{"line":372,"column":45},"end":{"line":372,"column":null}},{"start":{"line":373,"column":8},"end":{"line":387,"column":null}}],"line":372},"52":{"loc":{"start":{"line":391,"column":7},"end":{"line":394,"column":null}},"type":"binary-expr","locations":[{"start":{"line":391,"column":7},"end":{"line":391,"column":35}},{"start":{"line":391,"column":35},"end":{"line":391,"column":50}},{"start":{"line":391,"column":50},"end":{"line":391,"column":null}},{"start":{"line":392,"column":8},"end":{"line":394,"column":null}}],"line":391},"53":{"loc":{"start":{"line":393,"column":46},"end":{"line":393,"column":84}},"type":"cond-expr","locations":[{"start":{"line":393,"column":64},"end":{"line":393,"column":74}},{"start":{"line":393,"column":74},"end":{"line":393,"column":84}}],"line":393},"54":{"loc":{"start":{"line":398,"column":7},"end":{"line":412,"column":null}},"type":"binary-expr","locations":[{"start":{"line":398,"column":7},"end":{"line":398,"column":null}},{"start":{"line":399,"column":8},"end":{"line":412,"column":null}}],"line":398},"55":{"loc":{"start":{"line":403,"column":22},"end":{"line":403,"column":null}},"type":"cond-expr","locations":[{"start":{"line":403,"column":40},"end":{"line":403,"column":49}},{"start":{"line":403,"column":49},"end":{"line":403,"column":null}}],"line":403},"56":{"loc":{"start":{"line":406,"column":22},"end":{"line":406,"column":null}},"type":"cond-expr","locations":[{"start":{"line":406,"column":37},"end":{"line":406,"column":46}},{"start":{"line":406,"column":46},"end":{"line":406,"column":null}}],"line":406},"57":{"loc":{"start":{"line":416,"column":7},"end":{"line":423,"column":null}},"type":"binary-expr","locations":[{"start":{"line":416,"column":7},"end":{"line":416,"column":null}},{"start":{"line":417,"column":8},"end":{"line":423,"column":null}}],"line":416}},"s":{"0":459,"1":51,"2":51,"3":51,"4":51,"5":0,"6":0,"7":51,"8":51,"9":51,"10":51,"11":51,"12":969,"13":969,"14":51,"15":51,"16":51,"17":3723,"18":2754,"19":2754,"20":51,"21":0,"22":0,"23":0,"24":0,"25":0,"26":0,"27":1173,"28":1173,"29":1173,"30":1173,"31":816,"32":0,"33":0,"34":0,"35":816,"36":800,"37":800,"38":800,"39":16,"40":16,"41":16,"42":16,"43":0,"44":0,"45":0,"46":0,"47":0,"48":357,"49":204,"50":0,"51":0,"52":0,"53":204,"54":200,"55":200,"56":200,"57":4,"58":4,"59":4,"60":4,"61":0,"62":0,"63":0,"64":0,"65":0,"66":153,"67":153,"68":0,"69":0,"70":0,"71":153,"72":150,"73":150,"74":150,"75":3,"76":3,"77":3,"78":3,"79":0,"80":0,"81":0,"82":0,"83":0,"84":1173,"85":1173,"86":1173,"87":1173,"88":816,"89":357,"90":204,"91":153,"92":153,"93":1173,"94":1173,"95":1173,"96":1173,"97":0,"98":1173,"99":0,"100":0,"101":0,"102":0,"103":0,"104":1173,"105":4,"106":4,"107":4,"108":1173,"109":1173,"110":1173,"111":1173,"112":2,"113":2,"114":2,"115":1173},"f":{"0":459,"1":51,"2":0,"3":0,"4":1173,"5":2},"b":{"0":[0,51],"1":[51,0],"2":[51,0],"3":[2754,969],"4":[0],"5":[0,0],"6":[0,0],"7":[0,0],"8":[0,0],"9":[0,0],"10":[0,0],"11":[0,0],"12":[0,0],"13":[816,357],"14":[0,816],"15":[800,16],"16":[16,0],"17":[0,0],"18":[204,153],"19":[0,204],"20":[200,4],"21":[4,0],"22":[0,0],"23":[153,0],"24":[0,153],"25":[150,3],"26":[3,0],"27":[0,0],"28":[1173,612],"29":[816,357],"30":[1173,816],"31":[204,153],"32":[357,204],"33":[153,0],"34":[153,153],"35":[0,1173],"36":[0,1173],"37":[1173,0],"38":[0,0],"39":[4,1169],"40":[1173,204],"41":[204,969],"42":[969,204],"43":[2,0],"44":[2,1],"45":[4,1169],"46":[4,1169],"47":[0,1169],"48":[204,969],"49":[4,1169],"50":[1173,1169],"51":[1173,4,4,0],"52":[1173,816,816,0],"53":[0,0],"54":[1173,0],"55":[0,0],"56":[0,0],"57":[1173,0]},"meta":{"lastBranch":58,"lastFunction":6,"lastStatement":116,"seen":{"f:10:16:10:27":0,"s:11:2:34:Infinity":0,"f:46:16:46:25":1,"s:47:20:47:Infinity":1,"s:50:22:50:Infinity":2,"s:51:22:51:Infinity":3,"b:53:2:59:Infinity:56:2:59:Infinity":0,"s:53:2:59:Infinity":4,"s:54:4:54:Infinity":5,"s:55:4:55:Infinity":6,"b:56:2:59:Infinity:undefined:undefined:undefined:undefined":1,"s:56:2:59:Infinity":7,"s:57:4:57:Infinity":8,"s:58:4:58:Infinity":9,"s:62:2:87:Infinity":10,"s:62:18:62:70":11,"s:63:10:63:Infinity":12,"s:64:4:86:Infinity":13,"b:90:2:108:Infinity:undefined:undefined:undefined:undefined":2,"s:90:2:108:Infinity":14,"s:91:4:107:Infinity":15,"s:91:20:91:72":16,"b:92:6:106:Infinity:undefined:undefined:undefined:undefined":3,"s:92:6:106:Infinity":17,"s:93:14:93:Infinity":18,"s:94:8:105:Infinity":19,"s:110:2:110:Infinity":20,"f:119:9:119:19":2,"b:119:34:119:43":4,"s:120:16:120:Infinity":21,"b:120:16:120:63:120:63:120:Infinity":5,"s:121:18:121:Infinity":22,"s:123:2:139:Infinity":23,"b:130:28:130:36:130:36:130:Infinity":6,"b:132:25:132:34:132:34:132:Infinity":7,"b:133:26:133:35:133:35:133:Infinity":8,"f:150:9:150:19":3,"s:151:24:151:Infinity":24,"s:152:16:154:Infinity":25,"b:153:6:153:Infinity:154:6:154:Infinity":9,"b:153:25:153:33:153:33:153:35":10,"b:154:25:154:33:154:33:154:35":11,"s:156:2:171:Infinity":26,"b:162:12:162:Infinity:163:12:163:Infinity":12,"f:192:16:192:29":4,"s:208:19:208:Infinity":27,"s:209:18:209:Infinity":28,"s:210:19:210:Infinity":29,"b:212:2:272:Infinity:232:2:272:Infinity":13,"s:212:2:272:Infinity":30,"b:213:4:231:Infinity:217:4:231:Infinity":14,"s:213:4:231:Infinity":31,"s:214:6:214:Infinity":32,"s:215:6:215:Infinity":33,"s:216:6:216:Infinity":34,"b:217:4:231:Infinity:221:4:231:Infinity":15,"s:217:4:231:Infinity":35,"s:218:6:218:Infinity":36,"s:219:6:219:Infinity":37,"s:220:6:220:Infinity":38,"b:221:4:231:Infinity:225:4:231:Infinity":16,"s:221:4:231:Infinity":39,"s:222:6:222:Infinity":40,"s:223:6:223:Infinity":41,"s:224:6:224:Infinity":42,"b:225:4:231:Infinity:228:11:231:Infinity":17,"s:225:4:231:Infinity":43,"s:226:6:226:Infinity":44,"s:227:6:227:Infinity":45,"s:229:6:229:Infinity":46,"s:230:6:230:Infinity":47,"b:232:2:272:Infinity:252:2:272:Infinity":18,"s:232:2:272:Infinity":48,"b:233:4:251:Infinity:237:4:251:Infinity":19,"s:233:4:251:Infinity":49,"s:234:6:234:Infinity":50,"s:235:6:235:Infinity":51,"s:236:6:236:Infinity":52,"b:237:4:251:Infinity:241:4:251:Infinity":20,"s:237:4:251:Infinity":53,"s:238:6:238:Infinity":54,"s:239:6:239:Infinity":55,"s:240:6:240:Infinity":56,"b:241:4:251:Infinity:245:4:251:Infinity":21,"s:241:4:251:Infinity":57,"s:242:6:242:Infinity":58,"s:243:6:243:Infinity":59,"s:244:6:244:Infinity":60,"b:245:4:251:Infinity:248:11:251:Infinity":22,"s:245:4:251:Infinity":61,"s:246:6:246:Infinity":62,"s:247:6:247:Infinity":63,"s:249:6:249:Infinity":64,"s:250:6:250:Infinity":65,"b:252:2:272:Infinity:undefined:undefined:undefined:undefined":23,"s:252:2:272:Infinity":66,"b:253:4:271:Infinity:257:4:271:Infinity":24,"s:253:4:271:Infinity":67,"s:254:6:254:Infinity":68,"s:255:6:255:Infinity":69,"s:256:6:256:Infinity":70,"b:257:4:271:Infinity:261:4:271:Infinity":25,"s:257:4:271:Infinity":71,"s:258:6:258:Infinity":72,"s:259:6:259:Infinity":73,"s:260:6:2
[...]
15":{"start":{"line":181,"column":23},"end":{"line":181,"column":null}},"116":{"start":{"line":182,"column":20},"end":{"line":182,"column":null}},"117":{"start":{"line":184,"column":17},"end":{"line":184,"column":null}},"118":{"start":{"line":185,"column":4},"end":{"line":193,"column":null}},"119":{"start":{"line":186,"column":21},"end":{"line":186,"column":null}},"120":{"start":{"line":187,"column":21},"end":{"line":187,"column":null}},"121":{"start":{"line":188,"column":26},"end":{"line":188,"column":null}},"122":{"start":{"line":189,"column":22},"end":{"line":189,"column":null}},"123":{"start":{"line":190,"column":22},"end":{"line":190,"column":null}},"124":{"start":{"line":191,"column":6},"end":{"line":191,"column":null}},"125":{"start":{"line":192,"column":6},"end":{"line":192,"column":null}},"126":{"start":{"line":195,"column":4},"end":{"line":195,"column":null}},"127":{"start":{"line":198,"column":2},"end":{"line":203,"column":null}},"128":{"start":{"line":199,"column":19},"end":{"line":199,"column":null}},"129":{"start":{"line":200,"column":4},"end":{"line":200,"column":null}},"130":{"start":{"line":200,"column":17},"end":{"line":200,"column":null}},"131":{"start":{"line":201,"column":4},"end":{"line":201,"column":null}},"132":{"start":{"line":202,"column":4},"end":{"line":202,"column":null}},"133":{"start":{"line":202,"column":17},"end":{"line":202,"column":null}},"134":{"start":{"line":206,"column":30},"end":{"line":214,"column":null}},"135":{"start":{"line":216,"column":2},"end":{"line":255,"column":null}}},"fnMap":{"0":{"name":"useViewport","decl":{"start":{"line":18,"column":16},"end":{"line":18,"column":28}},"loc":{"start":{"line":18,"column":83},"end":{"line":256,"column":null}},"line":18},"1":{"name":"(anonymous_1)","decl":{"start":{"line":38,"column":30},"end":{"line":38,"column":31}},"loc":{"start":{"line":38,"column":48},"end":{"line":40,"column":5}},"line":38},"2":{"name":"(anonymous_2)","decl":{"start":{"line":43,"column":35},"end":{"line":43,"column":41}},"loc":{"start":{"line":43,"column":41},"end":{"line":54,"column":5}},"line":43},"3":{"name":"(anonymous_3)","decl":{"start":{"line":56,"column":36},"end":{"line":56,"column":42}},"loc":{"start":{"line":56,"column":42},"end":{"line":67,"column":5}},"line":56},"4":{"name":"(anonymous_4)","decl":{"start":{"line":69,"column":36},"end":{"line":69,"column":42}},"loc":{"start":{"line":69,"column":42},"end":{"line":73,"column":5}},"line":69},"5":{"name":"(anonymous_5)","decl":{"start":{"line":76,"column":32},"end":{"line":76,"column":33}},"loc":{"start":{"line":76,"column":72},"end":{"line":79,"column":5}},"line":76},"6":{"name":"(anonymous_6)","decl":{"start":{"line":82,"column":40},"end":{"line":82,"column":41}},"loc":{"start":{"line":82,"column":58},"end":{"line":87,"column":5}},"line":82},"7":{"name":"(anonymous_7)","decl":{"start":{"line":90,"column":38},"end":{"line":90,"column":39}},"loc":{"start":{"line":90,"column":63},"end":{"line":105,"column":5}},"line":90},"8":{"name":"(anonymous_8)","decl":{"start":{"line":107,"column":38},"end":{"line":107,"column":39}},"loc":{"start":{"line":107,"column":63},"end":{"line":116,"column":5}},"line":107},"9":{"name":"(anonymous_9)","decl":{"start":{"line":118,"column":36},"end":{"line":118,"column":42}},"loc":{"start":{"line":118,"column":42},"end":{"line":120,"column":5}},"line":118},"10":{"name":"(anonymous_10)","decl":{"start":{"line":123,"column":27},"end":{"line":123,"column":28}},"loc":{"start":{"line":123,"column":65},"end":{"line":128,"column":null}},"line":123},"11":{"name":"(anonymous_11)","decl":{"start":{"line":130,"column":39},"end":{"line":130,"column":40}},"loc":{"start":{"line":130,"column":80},"end":{"line":138,"column":5}},"line":130},"12":{"name":"(anonymous_12)","decl":{"start":{"line":140,"column":38},"end":{"line":140,"column":39}},"loc":{"start":{"line":140,"column":79},"end":{"line":159,"column":5}},"line":140},"13":{"name":"(anonymous_13)","decl":{"start":{"line":161,"column":37},"end":{"line":161,"column":43}},"loc":{"start":{"line":161,"column":43},"end":{"line":164,"column":5}},"line":161},"14":{"name":"(anonymous_14)","decl":{"start":{"line":167,"column":12},"end":{"line":167,"column":18}},"loc":{"start":{"line":167,"column":18},"end":{"line":173,"column":5}},"line":167},"15":{"name":"(anonymous_15)","decl":{"start":{"line":168,"column":32},"end":{"line":168,"column":38}},"loc":{"start":{"line":168,"column":38},"end":{"line":170,"column":null}},"line":168},"16":{"name":"(anonymous_16)","decl":{"start":{"line":172,"column":11},"end":{"line":172,"column":17}},"loc":{"start":{"line":172,"column":17},"end":{"line":172,"column":null}},"line":172},"17":{"name":"(anonymous_17)","decl":{"start":{"line":176,"column":34},"end":{"line":176,"column":35}},"loc":{"start":{"line":176,"column":53},"end":{"line":196,"column":5}},"line":176},"18":{"name":"(anonymous_18)","decl":{"start":{"line":198,"column":12},"end":{"line":198,"column":18}},"loc":{"start":{"line":198,"column":18},"end":{"line":203,"column":5}},"line":198},"19":{"name":"(anonymous_19)","decl":{"start":{"line":202,"column":11},"end":{"line":202,"column":17}},"loc":{"start":{"line":202,"column":17},"end":{"line":202,"column":null}},"line":202}},"branchMap":{"0":{"loc":{"start":{"line":35,"column":24},"end":{"line":35,"column":null}},"type":"cond-expr","locations":[{"start":{"line":35,"column":56},"end":{"line":35,"column":76}},{"start":{"line":35,"column":76},"end":{"line":35,"column":null}}],"line":35},"1":{"loc":{"start":{"line":46,"column":4},"end":{"line":52,"column":null}},"type":"if","locations":[{"start":{"line":46,"column":4},"end":{"line":52,"column":null}},{"start":{},"end":{}}],"line":46},"2":{"loc":{"start":{"line":59,"column":4},"end":{"line":65,"column":null}},"type":"if","locations":[{"start":{"line":59,"column":4},"end":{"line":65,"column":null}},{"start":{},"end":{}}],"line":59},"3":{"loc":{"start":{"line":76,"column":47},"end":{"line":76,"column":72}},"type":"default-arg","locations":[{"start":{"line":76,"column":64},"end":{"line":76,"column":72}}],"line":76},"4":{"loc":{"start":{"line":84,"column":51},"end":{"line":84,"column":null}},"type":"cond-expr","locations":[{"start":{"line":84,"column":72},"end":{"line":84,"column":84}},{"start":{"line":84,"column":84},"end":{"line":84,"column":null}}],"line":84},"5":{"loc":{"start":{"line":91,"column":4},"end":{"line":101,"column":null}},"type":"if","locations":[{"start":{"line":91,"column":4},"end":{"line":101,"column":null}},{"start":{"line":97,"column":4},"end":{"line":101,"column":null}}],"line":91},"6":{"loc":{"start":{"line":93,"column":6},"end":{"line":95,"column":null}},"type":"if","locations":[{"start":{"line":93,"column":6},"end":{"line":95,"column":null}},{"start":{},"end":{}}],"line":93},"7":{"loc":{"start":{"line":97,"column":4},"end":{"line":101,"column":null}},"type":"if","locations":[{"start":{"line":97,"column":4},"end":{"line":101,"column":null}},{"start":{"line":99,"column":11},"end":{"line":101,"column":null}}],"line":97},"8":{"loc":{"start":{"line":108,"column":4},"end":{"line":108,"column":null}},"type":"if","locations":[{"start":{"line":108,"column":4},"end":{"line":108,"column":null}},{"start":{},"end":{}}],"line":108},"9":{"loc":{"start":{"line":112,"column":4},"end":{"line":115,"column":null}},"type":"if","locations":[{"start":{"line":112,"column":4},"end":{"line":115,"column":null}},{"start":{},"end":{}}],"line":112},"10":{"loc":{"start":{"line":124,"column":4},"end":{"line":124,"column":null}},"type":"if","locations":[{"start":{"line":124,"column":4},"end":{"line":124,"column":null}},{"start":{},"end":{}}],"line":124},"11":{"loc":{"start":{"line":131,"column":4},"end":{"line":137,"column":null}},"type":"if","locations":[{"start":{"line":131,"column":4},"end":{"line":137,"column":null}},{"start":{"line":133,"column":4},"end":{"line":137,"column":null}}],"line":131},"12":{"loc":{"start":{"line":133,"column":4},"end":{"line":137,"column":null}},"type":"if","locations":[{"start":{"line":133,"column":4},"end":{"line":137,"column":null}},{"start":{},"end":{}}],"line":133},"13":{"loc":{"start":{"line":141,"column":4},"end":{"line":158,"column":null}},"type":"if","locations":[{"start":{"line":141,"column":4},"end":{"line":158,"column":null}},{"start":{"line":148,"column":4},"end":{"line":158,"column":null}}],"line":141},"14":{"loc":{"start":{"line":141,"column":8},"end":{"line":141,"column":53}},"type":"binary-expr","locations":[{"start":{"line":141,"column":8},"end":{"line":141,"column":34}},{"start":{"line":141,"column":34},"end":{"line":141,"column":53}}],"line":141},"15":{"loc":{"start":{"line":148,"column":4},"end":{"line":158,"column":null}},"type":"if","locations":[{"start":{"line":148,"column":4},"end":{"line":158,"column":null}},{"start":{},"end":{}}],"line":148},"16":{"loc":{"start":{"line":148,"column":15},"end":{"line":148,"column":53}},"type":"binary-expr","locations":[{"start":{"line":148,"column":15},"end":{"line":148,"column":41}},{"start":{"line":148,"column":41},"end":{"line":148,"column":53}}],"line":148},"17":{"loc":{"start":{"line":154,"column":6},"end":{"line":157,"column":null}},"type":"if","locations":[{"start":{"line":154,"column":6},"end":{"line":157,"column":null}},{"start":{},"end":{}}],"line":154},"18":{"loc":{"start":{"line":181,"column":23},"end":{"line":181,"column":null}},"type":"cond-expr","locations":[{"start":{"line":181,"column":35},"end":{"line":181,"column":41}},{"start":{"line":181,"column":41},"end":{"line":181,"column":null}}],"line":181},"19":{"loc":{"start":{"line":185,"column":4},"end":{"line":193,"column":null}},"type":"if","locations":[{"start":{"line":185,"column":4},"end":{"line":193,"column":null}},{"start":{},"end":{}}],"line":185},"20":{"loc":{"start":{"line":200,"column":4},"end":{"line":200,"column":null}},"type":"if","locations":[{"start":{"line":200,"column":4},"end":{"line":200,"column":null}},{"start":{},"end":{}}],"line":200}},"s":{"0":4,"1":4,"2":4,"3":4,"4":4,"5":4,"6":4,"7":4,"8":66,"9":66,"10":66,"11":66,"12":66,"13":66,"14":66,"15":66,"16":66,"17":66,"18":66,"19":1827,"20":66,"21":2,"22":2,"23":2,"24":1,"25":1,"26":1,"27":1,"28":1,"29":2,"30":66,"31":1,"32":1,"33":1,"34":1,"35":1,"36":1,"37":1,"38":1,"39":1,"40":66,"41":0,"42":0,"43":0,"44":66,"45":0,"46":0,"47":66,"48":3,"49":3,"50":3,"51":3,"52":66,"53":4,"54":4,"55":4,"56":4,"57":0,"58":0,"59":0,"60":0,"61":0,"62":0,"63":0,"64":66,"65":4,"66":4,"67":0,"68":0,"69":0,"70":0,"71":0,"72":0,"73":66,"74":5,"75":66,"76":0,"77":0,"78":0,"79":0,"80":0,"81":66,"82":0,"83":0,"84":0,"85":0,"86":0,"87":0,"88":66,"89":0,"90":0,"91":0,"92":0,"93":0,"94":0,"95":0,"96":0,"97":0,"98":0,"99":0,"100":0,"101":0,"102":66,"103":0,"104":0,"105":66,"106":23,"107":22,"108":23,"109":23,"110":23,"111":66,"112":0,"113":0,"114":0,"115":0,"116":0,"117":0,"118":0,"119":0,"120":0,"121":0,"122":0,"123":0,"124":0,"125":0,"126":0,"127":66,"128":29,"129":29,"130":9,"131":20,"132":20,"133":20,"134":66,"135":66},"f":{"0":66,"1":1827,"2":2,"3":1,"4":0,"5":0,"6":3,"7":4,"8":4,"9":5,"10":0,"11":0,"12":0,"13":0,"14":23,"15":22,"16":23,"17":0,"18":29,"19":20},"b":{"0":[66,0],"1":[1,1],"2":[1,0],"3":[0],"4":[2,1],"5":[4,0],"6":[4,0],"7":[0,0],"8":[4,0],"9":[0,0],"10":[0,0],"11":[0,0],"12":[0,0],"13":[0,0],"14":[0,0],"15":[0,0],"16":[0,0],"17":[0,0],"18":[0,0],"19":[0,0],"20":[9,20]},"meta":{"lastBranch":21,"lastFunction":20,"lastStatement":136,"seen":{"s:4:26:4:Infinity":0,"s:5:24:5:Infinity":1,"s:6:36:6:Infinity":2,"s:7:13:7:Infinity":3,"s:8:31:8:Infinity":4,"s:9:24:9:Infinity":5,"s:10:24:10:Infinity":6,"s:11:30:11:Infinity":7,"f:18:16:18:28":0,"s:20:22:20:Infinity":8,"s:21:22:21:Infinity":9,"s:22:32:22:Infinity":10,"s:23:34:23:Infinity":11,"s:24:32:24:Infinity":12,"s:25:28:25:Infinity":13,"s:28:48:28:Infinity":14,"s:31:8:31:Infinity":15,"s:34:24:34:Infinity":16,"s:35:24:35:Infinity":17,"b:35:56:35:76:35:76:35:Infinity":0,"s:38:8:40:Infinity":18,"f:38:30:38:31":1,"s:39:4:39:Infinity":19,"s:43:8:54:Infinity":20,"f:43:35:43:41":2,"s:44:20:44:Infinity":21,"s:45:17:45:Infinity":22,"b:46:4:52:Infinity:undefined:undefined:undefined:undefined":1,"s:46:4:52:Infinity":23,"s:47:22:47:Infinity":24,"s:48:22:48:Infinity":25,"s:49:26:49:Infinity":26,"s:50:6:50:Infinity":27,"s:51:6:51:Infinity":28,"s:53:4:53:Infinity":29,"s:56:8:67:Infinity":30,"f:56:36:56:42":3,"s:57:20:57:Infinity":31,"s:58:17:58:Infinity":32,"b:59:4:65:Infinity:undefined:undefined:undefined:undefined":2,"s:59:4:65:Infinity":33,"s:60:22:60:Infinity":34,"s:61:22:61:Infinity":35,"s:62:26:62:Infinity":36,"s:63:6:63:Infinity":37,"s:64:6:64:Infinity":38,"s:66:4:66:Infinity":39,"s:69:8:73:Infinity":40,"f:69:36:69:42":4,"s:70:4:70:Infinity":41,"s:71:4:71:Infinity":42,"s:72:4:72:Infinity":43,"s:76:8:79:Infinity":44,"f:76:32:76:33":5,"b:76:64:76:72":3,"s:77:20:77:Infinity":45,"s:78:4:78:Infinity":46,"s:82:8:87:Infinity":47,"f:82:40:82:41":6,"s:83:20:83:Infinity":48,"s:84:34:84:Infinity":49,"b:84:72:84:84:84:84:84:Infinity":4,"s:85:31:85:Infinity":50,"s:86:4:86:Infinity":51,"s:90:8:105:Infinity":52,"f:90:38:90:39":7,"b:91:4:101:Infinity:97:4:101:Infinity":5,"s:91:4:101:Infinity":53,"s:92:21:92:Infinity":54,"b:93:6:95:Infinity:undefined:undefined:undefined:undefined":6,"s:93:6:95:Infinity":55,"s:94:8:94:Infinity":56,"s:96:6:96:Infinity":57,"b:97:4:101:Infinity:99:11:101:Infinity":7,"s:97:4:101:Infinity":58,"s:98:6:98:Infinity":59,"s:100:6:100:Infinity":60,"s:102:4:102:Infinity":61,"s:103:4:103:Infinity":62,"s:104:4:104:Infinity":63,"s:107:8:116:Infinity":64,"f:107:38:107:39":8,"b:108:4:108:Infinity:undefined:undefined:undefined:undefined":8,"s:108:4:108:Infinity":65,"s:108:21:108:Infinity":66,"s:109:19:109:Infinity":67,"s:110:19:110:Infinity":68,"s:111:21:111:Infinity":69,"b:112:4:115:Infinity:undefined:undefined:undefined:undefined":9,"s:112:4:115:Infinity":70,"s:113:6:113:Infinity":71,"s:114:6:114:Infinity":72,"s:118:8:120:Infinity":73,"f:118:36:118:42":9,"s:119:4:119:Infinity":74,"s:123:27:128:Infinity":75,"f:123:27:123:28":10,"b:124:4:124:Infinity:undefined:undefined:undefined:undefined":10,"s:124:4:124:Infinity":76,"s:124:28:124:Infinity":77,"s:125:15:125:Infinity":78,"s:126:15:126:Infinity":79,"s:127:4:127:Infinity":80,"s:130:8:138:Infinity":81,"f:130:39:130:40":11,"b:131:4:137:Infinity:133:4:137:Infinity":11,"s:131:4:137:Infinity":82,"s:132:6:132:Infinity":83,"b:133:4:137:Infinity:undefined:undefined:undefined:undefined":12,"s:133:4:137:Infinity":84,"s:134:6:134:Infinity":85,"s:135:6:135:Infinity":86,"s:136:6:136:Infinity":87,"s:140:8:159:Infinity":88,"f:140:38:140:39":12,"b:141:4:158:Infinity:148:4:158:Infinity":13,"s:141:4:158:Infinity":89,"b:141:8:141:34:141:34:141:53":14,"s:143:26:143:Infinity":90,"s:144:20:144:Infinity":91,"s:145:22:145:Infinity":92,"s:146:6:146:Infinity":93,"s:147:6:147:Infinity":94,"b:148:4:158:Infinity:undefined:undefined:undefined:undefined":15,"s:148:4:158:Infinity":95,"b:148:15:148:41:148:41:148:53":16,"s:150:21:150:Infinity":96,"s:151:21:151:Infinity":97,"s:152:23:152:Infinity":98,"b:154:6:157:Infinity:undefined:undefined:undefined:undefined":17,"s:154:6:157:Infinity":99,"s:155:8:155:Infinity":100,"s:156:8:156:Infinity":101,"s:161:8:164:Infinity":102,"f:161:37:161:43":13,"s:162:4:162:Infinity":103,"s:163:4:163:Infinity":104,"s:167:2:173:Infinity":105,"f:167:12:167:18":14,"s:168:32:170:Infinity":106,"f:168:32:168:38":15,"s:169:6:169:Infinity":107,"s:171:4:171:Infinity":108,"s:172:4:172:Infinity":109,"f:172:11:172:17":16,"s:172:17:172:Infinity":110,"s:176:8:196:Infinity":111,"f:176:34:176:35":17,"s:177:4:177:Infinity":112,"s:178:4:178:Infinity":113,"s:180:18:180:Infinity":114,"s:181:23:181:Infinity":115,"b:181:35:181:41:181:41:181:Infinity":18,"s:182:20:182:Infinity":116,"s:184:17:184:Infinity":117,"b:185:4:193:Infinity:undefined:undefined:undefined:undefined":19,"s:185:4:193:Infinity":118,"s:186:21:186:Infinity":119,"s:187:21:187:Infinity":120,"s:188:26:188:Infinity":121,"s:189:22:189:Infinity":122,"s:190:22:190:Infinity":123,"s:191:6:191:Infinity":124,"s:192:6:192:Infinity":125,"s:195:4:195:Infinity":126,"s:198:2:203:Infinity":127,"f:198:12:198:18":18,"s:199:19:199:Infinity":128,"b:200:4:200:Infinity:undefined:undefined:undefined:undefined":20,"s:200:4:200:Infinity":129,"s:200:17:200:Infinity":130,"s:201:4:201:Infinity":131,"s:202:4:202:Infinity":132,"f:202:11:202:17":19,"s:202:17:202:Infinity":133,"s:206:30:214:Infinity":134,"s:216:2:255:Infinity":135}}}
,"/Users/Stephen1/Desktop/gitprojects/old-testament-timline/src/hooks/useWindowSize.ts": {"path":"/Users/Stephen1/Desktop/gitprojects/old-testament-timline/src/hooks/useWindowSize.ts","statementMap":{"0":{"start":{"line":4,"column":22},"end":{"line":7,"column":null}},"1":{"start":{"line":9,"column":2},"end":{"line":15,"column":null}},"2":{"start":{"line":10,"column":25},"end":{"line":12,"column":null}},"3":{"start":{"line":11,"column":6},"end":{"line":11,"column":null}},"4":{"start":{"line":13,"column":4},"end":{"line":13,"column":null}},"5":{"start":{"line":14,"column":4},"end":{"line":14,"column":null}},"6":{"start":{"line":14,"column":17},"end":{"line":14,"column":null}},"7":{"start":{"line":17,"column":2},"end":{"line":17,"column":null}},"8":{"start":{"line":21,"column":20},"end":{"line":21,"column":null}},"9":{"start":{"line":22,"column":2},"end":{"line":22,"column":null}},"10":{"start":{"line":26,"column":20},"end":{"line":26,"column":null}},"11":{"start":{"line":27,"column":2},"end":{"line":27,"column":null}}},"fnMap":{"0":{"name":"useWindowSize","decl":{"start":{"line":3,"column":16},"end":{"line":3,"column":32}},"loc":{"start":{"line":3,"column":32},"end":{"line":18,"column":null}},"line":3},"1":{"name":"(anonymous_1)","decl":{"start":{"line":9,"column":12},"end":{"line":9,"column":18}},"loc":{"start":{"line":9,"column":18},"end":{"line":15,"column":5}},"line":9},"2":{"name":"(anonymous_2)","decl":{"start":{"line":10,"column":25},"end":{"line":10,"column":31}},"loc":{"start":{"line":10,"column":31},"end":{"line":12,"column":null}},"line":10},"3":{"name":"(anonymous_3)","decl":{"start":{"line":14,"column":11},"end":{"line":14,"column":17}},"loc":{"start":{"line":14,"column":17},"end":{"line":14,"column":null}},"line":14},"4":{"name":"useIsMobile","decl":{"start":{"line":20,"column":16},"end":{"line":20,"column":30}},"loc":{"start":{"line":20,"column":30},"end":{"line":23,"column":null}},"line":20},"5":{"name":"useIsTablet","decl":{"start":{"line":25,"column":16},"end":{"line":25,"column":30}},"loc":{"start":{"line":25,"column":30},"end":{"line":28,"column":null}},"line":25}},"branchMap":{"0":{"loc":{"start":{"line":5,"column":11},"end":{"line":5,"column":null}},"type":"cond-expr","locations":[{"start":{"line":5,"column":43},"end":{"line":5,"column":63}},{"start":{"line":5,"column":63},"end":{"line":5,"column":null}}],"line":5},"1":{"loc":{"start":{"line":6,"column":12},"end":{"line":6,"column":null}},"type":"cond-expr","locations":[{"start":{"line":6,"column":44},"end":{"line":6,"column":65}},{"start":{"line":6,"column":65},"end":{"line":6,"column":null}}],"line":6},"2":{"loc":{"start":{"line":27,"column":9},"end":{"line":27,"column":null}},"type":"binary-expr","locations":[{"start":{"line":27,"column":9},"end":{"line":27,"column":25}},{"start":{"line":27,"column":25},"end":{"line":27,"column":null}}],"line":27}},"s":{"0":114,"1":114,"2":42,"3":0,"4":42,"5":42,"6":42,"7":114,"8":114,"9":114,"10":0,"11":0},"f":{"0":114,"1":42,"2":0,"3":42,"4":114,"5":0},"b":{"0":[114,0],"1":[114,0],"2":[0,0]},"meta":{"lastBranch":3,"lastFunction":6,"lastStatement":12,"seen":{"f:3:16:3:32":0,"s:4:22:7:Infinity":0,"b:5:43:5:63:5:63:5:Infinity":0,"b:6:44:6:65:6:65:6:Infinity":1,"s:9:2:15:Infinity":1,"f:9:12:9:18":1,"s:10:25:12:Infinity":2,"f:10:25:10:31":2,"s:11:6:11:Infinity":3,"s:13:4:13:Infinity":4,"s:14:4:14:Infinity":5,"f:14:11:14:17":3,"s:14:17:14:Infinity":6,"s:17:2:17:Infinity":7,"f:20:16:20:30":4,"s:21:20:21:Infinity":8,"s:22:2:22:Infinity":9,"f:25:16:25:30":5,"s:26:20:26:Infinity":10,"s:27:2:27:Infinity":11,"b:27:9:27:25:27:25:27:Infinity":2}}}
}
